
{"level":"debug","message":"GET in /js/admin.js - 18:00:32"}
{"level":"debug","message":"GET in /admin - 18:06:37"}
{"level":"debug","message":"GET in /css/styleProducts.css - 18:06:40"}
{"level":"debug","message":"GET in /js/admin.js - 18:06:40"}
{"level":"debug","message":"DELETE in /api/users/inactive - 18:06:43"}
{"level":"error","message":"Cannot delete inactive users with error: ReferenceError: id is not defined"}
{"level":"debug","message":"DELETE in /api/users/inactive - 18:06:53"}
{"level":"error","message":"Cannot delete inactive users with error: ReferenceError: id is not defined"}
{"level":"debug","message":"GET in /admin - 18:07:45"}
{"level":"debug","message":"GET in /css/styleProducts.css - 18:07:45"}
{"level":"debug","message":"GET in /js/admin.js - 18:07:45"}
{"level":"debug","message":"DELETE in /api/users/inactive - 18:07:51"}
{"level":"debug","message":"GET in /admin - 18:07:53"}
{"level":"debug","message":"GET in /css/styleProducts.css - 18:07:53"}
{"level":"debug","message":"GET in /js/admin.js - 18:07:53"}
{"level":"debug","message":"GET in /admin - 18:13:24"}
{"level":"debug","message":"GET in /js/admin.js - 18:13:25"}
{"level":"debug","message":"GET in /css/styleProducts.css - 18:13:25"}
{"level":"debug","message":"DELETE in /api/users/inactive - 18:13:40"}
{"level":"error","message":"Cannot delete inactive users with error: Error: No inactive users were found"}
{"level":"debug","message":"GET in /admin - 18:14:45"}
{"level":"debug","message":"GET in /js/admin.js - 18:14:48"}
{"level":"debug","message":"GET in /css/styleProducts.css - 18:14:48"}
{"level":"debug","message":"DELETE in /api/users/inactive - 18:14:51"}
{"level":"debug","message":"GET in /admin - 18:15:37"}
{"level":"debug","message":"GET in /js/admin.js - 18:15:40"}
{"level":"debug","message":"GET in /css/styleProducts.css - 18:15:40"}
{"level":"debug","message":"DELETE in /api/users/inactive - 18:15:41"}
{"level":"debug","message":"GET in /admin - 18:17:42"}
{"level":"debug","message":"GET in /js/admin.js - 18:17:45"}
{"level":"debug","message":"GET in /css/styleProducts.css - 18:17:45"}
{"level":"debug","message":"DELETE in /api/users/inactive - 18:17:47"}
{"level":"debug","message":"GET in /admin - 18:19:13"}
{"level":"debug","message":"GET in /js/admin.js - 18:19:13"}
{"level":"debug","message":"GET in /css/styleProducts.css - 18:19:13"}
{"level":"debug","message":"DELETE in /api/users/inactive - 18:19:21"}
{"level":"debug","message":"GET in /admin - 18:19:49"}
{"level":"debug","message":"GET in /js/admin.js - 18:19:52"}
{"level":"debug","message":"GET in /css/styleProducts.css - 18:19:52"}
{"level":"debug","message":"DELETE in /api/users/inactive - 18:19:54"}
{"level":"debug","message":"GET in /admin - 18:20:22"}
{"level":"debug","message":"GET in /js/admin.js - 18:20:22"}
{"level":"debug","message":"GET in /css/styleProducts.css - 18:20:22"}
{"level":"debug","message":"DELETE in /api/users/inactive - 18:20:27"}
{"level":"debug","message":"GET in /admin - 18:22:07"}
{"level":"debug","message":"GET in /js/admin.js - 18:22:07"}
{"level":"debug","message":"GET in /css/styleProducts.css - 18:22:07"}
{"level":"debug","message":"DELETE in /api/users/inactive - 18:22:09"}
{"level":"debug","message":"GET in /admin - 18:23:22"}
{"level":"debug","message":"GET in /js/admin.js - 18:23:25"}
{"level":"debug","message":"GET in /css/styleProducts.css - 18:23:25"}
{"level":"debug","message":"DELETE in /api/users/inactive - 18:23:26"}
{"level":"debug","message":"GET in /admin - 18:23:28"}
{"level":"debug","message":"GET in /js/admin.js - 18:23:28"}
{"level":"debug","message":"GET in /css/styleProducts.css - 18:23:28"}
{"level":"debug","message":"GET in /admin - 18:24:29"}
{"level":"debug","message":"GET in /js/admin.js - 18:24:30"}
{"level":"debug","message":"GET in /css/styleProducts.css - 18:24:30"}
{"level":"debug","message":"DELETE in /api/users/inactive - 18:24:42"}
{"level":"debug","message":"GET in /admin - 18:24:43"}
{"level":"debug","message":"GET in /js/admin.js - 18:24:44"}
{"level":"debug","message":"GET in /css/styleProducts.css - 18:24:44"}
{"level":"debug","message":"GET in /profile/products - 18:27:41"}
{"level":"debug","message":"GET in / - 18:27:49"}
{"level":"debug","message":"GET in /css/styleProducts.css - 18:27:49"}
{"level":"debug","message":"GET in /js/login.js - 18:27:49"}
{"level":"debug","message":"POST in /api/sessions/login - 18:28:34"}
{"level":"debug","message":"POST in /api/sessions/login - 18:28:48"}
{"level":"debug","message":"GET in /products - 18:28:50"}
{"level":"debug","message":"GET in /js/products.js - 18:28:50"}
{"level":"debug","message":"GET in /css/styleProducts.css - 18:28:50"}
{"level":"debug","message":"GET in /thumbnails/1681689657952-Gabinete-mid-tower_1.png - 18:28:50"}
{"level":"debug","message":"GET in /thumbnails/1681689704267-Gabinete-gigmatek_1.png - 18:28:50"}
{"level":"debug","message":"GET in /api/sessions/logout - 18:28:54"}
{"level":"debug","message":"GET in / - 18:28:56"}
{"level":"debug","message":"GET in /js/login.js - 18:28:56"}
{"level":"debug","message":"GET in /css/styleProducts.css - 18:28:56"}
{"level":"debug","message":"POST in /api/sessions/login - 18:29:49"}
{"level":"debug","message":"GET in /products - 18:29:51"}
{"level":"debug","message":"GET in /js/products.js - 18:29:52"}
{"level":"debug","message":"GET in /css/styleProducts.css - 18:29:52"}
{"level":"debug","message":"GET in /thumbnails/1681689657952-Gabinete-mid-tower_1.png - 18:29:52"}
{"level":"debug","message":"GET in /thumbnails/1681689704267-Gabinete-gigmatek_1.png - 18:29:52"}
{"level":"debug","message":"GET in /admin - 18:29:54"}
{"level":"debug","message":"GET in /css/styleProducts.css - 18:29:54"}
{"level":"debug","message":"GET in /js/admin.js - 18:29:55"}
{"level":"debug","message":"DELETE in /api/users/inactive - 18:30:12"}
{"level":"debug","message":"DELETE in /api/users/inactive - 18:30:31"}
{"level":"debug","message":"GET in /admin - 18:30:43"}
{"level":"debug","message":"GET in /js/admin.js - 18:30:43"}
{"level":"debug","message":"GET in /css/styleProducts.css - 18:30:43"}
{"level":"debug","message":"GET in /css/styleProducts.css - 18:31:19"}
{"level":"debug","message":"GET in /admin - 18:31:38"}
{"level":"debug","message":"GET in /js/admin.js - 18:31:39"}
{"level":"debug","message":"GET in /css/styleProducts.css - 18:31:39"}
{"level":"debug","message":"GET in /cart/ - 18:31:45"}
{"level":"debug","message":"GET in /products - 18:33:13"}
{"level":"debug","message":"GET in /admin - 18:33:13"}
{"level":"debug","message":"GET in /css/styleProducts.css - 18:33:17"}
{"level":"debug","message":"GET in /js/admin.js - 18:33:17"}
{"level":"debug","message":"GET in /admin - 18:33:22"}
{"level":"debug","message":"GET in /css/styleProducts.css - 18:33:23"}
{"level":"debug","message":"GET in /js/admin.js - 18:33:23"}
{"level":"debug","message":"GET in /products - 18:34:33"}
{"level":"debug","message":"GET in /css/styleProducts.css - 18:34:33"}
{"level":"debug","message":"GET in /js/products.js - 18:34:33"}
{"level":"debug","message":"GET in /thumbnails/1681689657952-Gabinete-mid-tower_1.png - 18:34:33"}
{"level":"debug","message":"GET in /thumbnails/1681689704267-Gabinete-gigmatek_1.png - 18:34:33"}
{"level":"debug","message":"GET in /cart/64dd62a64a437f3be9553b2e - 18:34:34"}
{"level":"debug","message":"GET in /css/styleProducts.css - 18:34:35"}
{"level":"debug","message":"GET in /js/cart.js - 18:34:35"}
{"level":"debug","message":"GET in /admin - 18:34:40"}
{"level":"debug","message":"GET in /css/styleProducts.css - 18:34:40"}
{"level":"debug","message":"GET in /js/admin.js - 18:34:40"}
{"level":"debug","message":"GET in /products - 18:35:22"}
{"level":"debug","message":"GET in /css/styleProducts.css - 18:35:22"}
{"level":"debug","message":"GET in /js/products.js - 18:35:22"}
{"level":"debug","message":"GET in /thumbnails/1681689657952-Gabinete-mid-tower_1.png - 18:35:22"}
{"level":"debug","message":"GET in /thumbnails/1681689704267-Gabinete-gigmatek_1.png - 18:35:22"}
{"level":"debug","message":"GET in /cart/64dd62a64a437f3be9553b2e - 18:35:23"}
{"level":"debug","message":"GET in /css/styleProducts.css - 18:35:23"}
{"level":"debug","message":"GET in /js/cart.js - 18:35:23"}
{"level":"debug","message":"GET in /cart/64dd62a64a437f3be9553b2e - 18:35:59"}
{"level":"debug","message":"GET in /css/styleProducts.css - 18:36:00"}
{"level":"debug","message":"GET in /js/cart.js - 18:36:00"}
{"level":"debug","message":"GET in /cart/64dd62a64a437f3be9553b2e - 18:36:20"}
{"level":"debug","message":"GET in /css/styleProducts.css - 18:36:23"}
{"level":"debug","message":"GET in /js/cart.js - 18:36:23"}
{"level":"debug","message":"GET in /products - 18:43:32"}
{"level":"debug","message":"GET in /api/sessions/logout - 18:43:33"}
{"level":"debug","message":"GET in / - 18:43:35"}
{"level":"debug","message":"GET in /css/styleProducts.css - 18:43:35"}
{"level":"debug","message":"GET in /js/login.js - 18:43:35"}
{"level":"debug","message":"POST in /api/sessions/login - 18:44:10"}
{"level":"debug","message":"GET in /products - 18:44:12"}
{"level":"debug","message":"GET in /css/styleProducts.css - 18:44:13"}
{"level":"debug","message":"GET in /js/products.js - 18:44:13"}
{"level":"debug","message":"GET in /thumbnails/1681689657952-Gabinete-mid-tower_1.png - 18:44:13"}
{"level":"debug","message":"GET in /thumbnails/1681689704267-Gabinete-gigmatek_1.png - 18:44:13"}
{"level":"debug","message":"GET in /products - 18:45:19"}
{"level":"debug","message":"GET in /css/styleProducts.css - 18:45:21"}
{"level":"debug","message":"GET in /js/products.js - 18:45:21"}
{"level":"debug","message":"GET in /thumbnails/1681689657952-Gabinete-mid-tower_1.png - 18:45:21"}
{"level":"debug","message":"GET in /thumbnails/1681689704267-Gabinete-gigmatek_1.png - 18:45:21"}
{"level":"debug","message":"GET in /products - 18:47:11"}
{"level":"debug","message":"GET in /css/styleProducts.css - 18:47:14"}
{"level":"debug","message":"GET in /js/products.js - 18:47:14"}
{"level":"debug","message":"GET in /thumbnails/1681689657952-Gabinete-mid-tower_1.png - 18:47:14"}
{"level":"debug","message":"GET in /thumbnails/1681689704267-Gabinete-gigmatek_1.png - 18:47:14"}
{"level":"debug","message":"GET in /products - 18:49:58"}
{"level":"debug","message":"GET in /css/styleProducts.css - 18:49:58"}
{"level":"debug","message":"GET in /js/products.js - 18:49:58"}
{"level":"debug","message":"GET in /thumbnails/1681689657952-Gabinete-mid-tower_1.png - 18:49:59"}
{"level":"debug","message":"GET in /thumbnails/1681689704267-Gabinete-gigmatek_1.png - 18:49:59"}
{"level":"debug","message":"GET in /js/logoutfunction.js - 18:49:59"}
{"level":"debug","message":"GET in /api/sessions/logout - 18:50:01"}
{"level":"debug","message":"GET in / - 18:50:03"}
{"level":"debug","message":"GET in /css/styleProducts.css - 18:50:03"}
{"level":"debug","message":"GET in /js/login.js - 18:50:03"}
{"level":"debug","message":"POST in /api/sessions/login - 19:10:24"}
{"level":"debug","message":"GET in /products - 19:10:26"}
{"level":"debug","message":"GET in /css/styleProducts.css - 19:10:27"}
{"level":"debug","message":"GET in /js/products.js - 19:10:27"}
{"level":"debug","message":"GET in /js/logoutfunction.js - 19:10:27"}
{"level":"debug","message":"GET in /thumbnails/1681689657952-Gabinete-mid-tower_1.png - 19:10:27"}
{"level":"debug","message":"GET in /thumbnails/1681689704267-Gabinete-gigmatek_1.png - 19:10:27"}
{"level":"debug","message":"GET in /admin - 19:10:29"}
{"level":"debug","message":"GET in /css/styleProducts.css - 19:10:30"}
{"level":"debug","message":"GET in /js/admin.js - 19:10:30"}
{"level":"debug","message":"GET in /js/logoutfunction.js - 19:10:30"}
{"level":"debug","message":"DELETE in /api/users/inactive - 19:11:54"}
{"level":"debug","message":"GET in /admin - 19:11:56"}
{"level":"debug","message":"GET in /js/admin.js - 19:11:57"}
{"level":"debug","message":"GET in /css/styleProducts.css - 19:11:57"}
{"level":"debug","message":"GET in /js/logoutfunction.js - 19:11:57"}
{"level":"debug","message":"GET in /api/sessions/logout - 19:12:41"}
{"level":"debug","message":"GET in / - 19:12:47"}
{"level":"debug","message":"GET in /css/styleProducts.css - 19:12:47"}
{"level":"debug","message":"GET in /js/login.js - 19:12:47"}
{"level":"debug","message":"POST in /api/sessions/login - 19:18:21"}
{"level":"debug","message":"GET in /products - 19:18:23"}
{"level":"debug","message":"GET in /js/products.js - 19:18:24"}
{"level":"debug","message":"GET in /css/styleProducts.css - 19:18:24"}
{"level":"debug","message":"GET in /js/logoutfunction.js - 19:18:24"}
{"level":"debug","message":"GET in /thumbnails/1681689657952-Gabinete-mid-tower_1.png - 19:18:24"}
{"level":"debug","message":"GET in /thumbnails/1681689704267-Gabinete-gigmatek_1.png - 19:18:24"}
{"level":"debug","message":"GET in /admin - 19:18:26"}
{"level":"debug","message":"GET in /css/styleProducts.css - 19:18:26"}
{"level":"debug","message":"GET in /js/admin.js - 19:18:26"}
{"level":"debug","message":"GET in /js/logoutfunction.js - 19:18:26"}
{"level":"debug","message":"DELETE in /api/users/inactive - 19:18:34"}
{"level":"debug","message":"GET in /admin - 19:18:37"}
{"level":"debug","message":"GET in /js/admin.js - 19:18:37"}
{"level":"debug","message":"GET in /css/styleProducts.css - 19:18:37"}
{"level":"debug","message":"GET in /js/logoutfunction.js - 19:18:37"}
{"level":"debug","message":"GET in /api/sessions/logout - 19:20:32"}
{"level":"debug","message":"GET in / - 19:20:34"}
{"level":"debug","message":"GET in /js/login.js - 19:20:34"}
{"level":"debug","message":"GET in /css/styleProducts.css - 19:20:34"}
{"level":"debug","message":"POST in /api/sessions/login - 19:21:10"}
{"level":"debug","message":"GET in /products - 19:21:12"}
{"level":"debug","message":"GET in /js/products.js - 19:21:12"}
{"level":"debug","message":"GET in /css/styleProducts.css - 19:21:12"}
{"level":"debug","message":"GET in /js/logoutfunction.js - 19:21:12"}
{"level":"debug","message":"GET in /thumbnails/1681689657952-Gabinete-mid-tower_1.png - 19:21:12"}
{"level":"debug","message":"GET in /thumbnails/1681689704267-Gabinete-gigmatek_1.png - 19:21:12"}
{"level":"debug","message":"GET in /admin - 19:21:14"}
{"level":"debug","message":"GET in /css/styleProducts.css - 19:21:15"}
{"level":"debug","message":"GET in /js/admin.js - 19:21:15"}
{"level":"debug","message":"GET in /js/logoutfunction.js - 19:21:15"}
{"level":"debug","message":"GET in /cart/64dd62a64a437f3be9553b2e - 19:21:15"}
{"level":"debug","message":"GET in /css/styleProducts.css - 19:21:16"}
{"level":"debug","message":"GET in /js/cart.js - 19:21:16"}
{"level":"debug","message":"GET in /js/logoutfunction.js - 19:21:16"}
{"level":"debug","message":"GET in /admin - 19:21:17"}
{"level":"debug","message":"GET in /css/styleProducts.css - 19:21:17"}
{"level":"debug","message":"GET in /js/admin.js - 19:21:17"}
{"level":"debug","message":"GET in /js/logoutfunction.js - 19:21:17"}
{"level":"debug","message":"DELETE in /api/users/inactive - 19:21:23"}
{"level":"debug","message":"GET in /admin - 19:21:27"}
{"level":"debug","message":"GET in /js/admin.js - 19:21:27"}
{"level":"debug","message":"GET in /css/styleProducts.css - 19:21:27"}
{"level":"debug","message":"GET in /js/logoutfunction.js - 19:21:27"}
{"level":"debug","message":"GET in /admin - 19:23:08"}
{"level":"debug","message":"GET in /js/admin.js - 19:23:09"}
{"level":"debug","message":"GET in /css/styleProducts.css - 19:23:09"}
{"level":"debug","message":"GET in /js/logoutfunction.js - 19:23:09"}
{"level":"debug","message":"GET in /admin - 19:23:12"}
{"level":"debug","message":"GET in /js/admin.js - 19:23:12"}
{"level":"debug","message":"GET in /css/styleProducts.css - 19:23:12"}
{"level":"debug","message":"GET in /js/logoutfunction.js - 19:23:12"}
{"level":"debug","message":"GET in /products - 19:23:19"}
{"level":"debug","message":"GET in /css/styleProducts.css - 19:23:20"}
{"level":"debug","message":"GET in /js/products.js - 19:23:20"}
{"level":"debug","message":"GET in /js/logoutfunction.js - 19:23:20"}
{"level":"debug","message":"GET in /thumbnails/1681689657952-Gabinete-mid-tower_1.png - 19:23:20"}
{"level":"debug","message":"GET in /thumbnails/1681689704267-Gabinete-gigmatek_1.png - 19:23:20"}
{"level":"debug","message":"GET in /admin - 19:23:22"}
{"level":"debug","message":"GET in /js/admin.js - 19:23:22"}
{"level":"debug","message":"GET in /css/styleProducts.css - 19:23:22"}
{"level":"debug","message":"GET in /js/logoutfunction.js - 19:23:22"}
{"level":"debug","message":"GET in /admin - 19:24:19"}
{"level":"debug","message":"GET in /js/admin.js - 19:24:20"}
{"level":"debug","message":"GET in /css/styleProducts.css - 19:24:20"}
{"level":"debug","message":"GET in /js/logoutfunction.js - 19:24:20"}
{"level":"debug","message":"GET in /admin - 19:24:31"}
{"level":"debug","message":"GET in /js/admin.js - 19:24:31"}
{"level":"debug","message":"GET in /css/styleProducts.css - 19:24:31"}
{"level":"debug","message":"GET in /js/logoutfunction.js - 19:24:31"}
{"level":"debug","message":"GET in /api/sessions/logout - 19:48:45"}
{"level":"debug","message":"GET in / - 19:48:46"}
{"level":"debug","message":"GET in /css/styleProducts.css - 19:48:46"}
{"level":"debug","message":"GET in /js/login.js - 19:48:46"}
{"level":"debug","message":"POST in /api/sessions/login - 19:50:38"}
{"level":"debug","message":"GET in /products - 19:50:40"}
{"level":"debug","message":"GET in /css/styleProducts.css - 19:50:41"}
{"level":"debug","message":"GET in /js/products.js - 19:50:41"}
{"level":"debug","message":"GET in /js/logoutfunction.js - 19:50:41"}
{"level":"debug","message":"GET in /thumbnails/1681689657952-Gabinete-mid-tower_1.png - 19:50:41"}
{"level":"debug","message":"GET in /thumbnails/1681689704267-Gabinete-gigmatek_1.png - 19:50:41"}
{"level":"debug","message":"GET in /cart/64dd62fa4a437f3be9553b33 - 19:50:42"}
{"level":"debug","message":"GET in /css/styleProducts.css - 19:50:42"}
{"level":"debug","message":"GET in /js/cart.js - 19:50:42"}
{"level":"debug","message":"GET in /js/logoutfunction.js - 19:50:42"}
{"level":"debug","message":"GET in /products - 19:50:45"}
{"level":"debug","message":"GET in /css/styleProducts.css - 19:50:45"}
{"level":"debug","message":"GET in /js/products.js - 19:50:45"}
{"level":"debug","message":"GET in /thumbnails/1681689657952-Gabinete-mid-tower_1.png - 19:50:45"}
{"level":"debug","message":"GET in /thumbnails/1681689704267-Gabinete-gigmatek_1.png - 19:50:45"}
{"level":"debug","message":"GET in /js/logoutfunction.js - 19:50:45"}
{"level":"debug","message":"POST in /api/carts/64dd62fa4a437f3be9553b33/product/64b45c1e2e71b72e3bb2ecd5 - 19:50:50"}
{"level":"debug","message":"GET in /cart/64dd62fa4a437f3be9553b33 - 19:50:55"}
{"level":"debug","message":"GET in /css/styleProducts.css - 19:50:55"}
{"level":"debug","message":"GET in /js/cart.js - 19:50:55"}
{"level":"debug","message":"GET in /js/logoutfunction.js - 19:50:55"}
{"level":"debug","message":"GET in /thumbnails/1681689657952-Gabinete-mid-tower_1.png - 19:50:55"}
{"level":"debug","message":"GET in /api/payments/create-payment-intent - 19:50:56"}
{"level":"debug","message":"GET in /cart/64dd62fa4a437f3be9553b33/purchase - 19:51:26"}
{"level":"debug","message":"GET in /css/styleProducts.css - 19:51:28"}
{"level":"debug","message":"GET in /products - 19:51:32"}
{"level":"debug","message":"GET in /css/styleProducts.css - 19:51:33"}
{"level":"debug","message":"GET in /js/products.js - 19:51:33"}
{"level":"debug","message":"GET in /js/logoutfunction.js - 19:51:33"}
{"level":"debug","message":"GET in /thumbnails/1681689657952-Gabinete-mid-tower_1.png - 19:51:33"}
{"level":"debug","message":"GET in /thumbnails/1681689704267-Gabinete-gigmatek_1.png - 19:51:33"}
{"level":"debug","message":"POST in /api/sessions/login - 20:19:18"}
{"level":"debug","message":"GET in /api/products - 20:19:33"}
{"level":"debug","message":"POST in /api/carts/64dd62a74a437f3be9553b30/product/64b45c1e2e71b72e3bb2ecd9 - 20:21:42"}
{"level":"debug","message":"GET in / - 18:07:28"}
{"level":"debug","message":"GET in /css/styleProducts.css - 18:07:28"}
{"level":"debug","message":"GET in /js/login.js - 18:07:28"}
{"level":"debug","message":"GET in / - 18:07:55"}
{"level":"debug","message":"GET in /css/styleProducts.css - 18:07:55"}
{"level":"debug","message":"GET in /js/login.js - 18:07:55"}
{"level":"debug","message":"GET in /thumbnails/1681689657952-Gabinete-mid-tower_1.png - 18:09:49"}
{"level":"debug","message":"GET in /thumbnails/1681689704267-Gabinete-gigmatek_1.png - 18:09:49"}
{"level":"debug","message":"GET in /thumbnails/1681689464000-Micro-Procesador-Ryzen-5-4500-6-Nucleos-4.1ghz-Amd-Ddr4.png - 18:09:58"}
{"level":"debug","message":"GET in /thumbnails/1681689657952-Gabinete-mid-tower_1.png - 18:09:59"}
{"level":"debug","message":"GET in /thumbnails/1681689464000-Micro-Procesador-Ryzen-5-4500-6-Nucleos-4.1ghz-Amd-Ddr4.png - 18:10:32"}
{"level":"debug","message":"GET in /thumbnails/1681689657952-Gabinete-mid-tower_1.png - 18:10:32"}
{"level":"debug","message":"GET in /thumbnails/1681689657952-Gabinete-mid-tower_1.png - 18:11:14"}
{"level":"debug","message":"GET in /thumbnails/1681689704267-Gabinete-gigmatek_1.png - 18:11:14"}
{"level":"debug","message":"GET in /thumbnails/1681689657952-Gabinete-mid-tower_1.png - 18:12:20"}
{"level":"debug","message":"GET in /thumbnails/1681689704267-Gabinete-gigmatek_1.png - 18:12:20"}
{"level":"debug","message":"GET in /thumbnails/1681689657952-Gabinete-mid-tower_1.png - 18:13:57"}
{"level":"debug","message":"GET in /thumbnails/1681689704267-Gabinete-gigmatek_1.png - 18:13:57"}
{"level":"debug","message":"GET in / - 18:14:30"}
{"level":"debug","message":"GET in /css/styleProducts.css - 18:14:30"}
{"level":"debug","message":"GET in /js/login.js - 18:14:30"}
{"level":"debug","message":"POST in /api/sessions/login - 18:14:34"}
{"level":"debug","message":"GET in /products - 18:14:36"}
{"level":"debug","message":"GET in /css/styleProducts.css - 18:14:36"}
{"level":"debug","message":"GET in /js/products.js - 18:14:36"}
{"level":"debug","message":"GET in /thumbnails/1681689704267-Gabinete-gigmatek_1.png - 18:14:36"}
{"level":"debug","message":"GET in /thumbnails/1681689657952-Gabinete-mid-tower_1.png - 18:14:36"}
{"level":"debug","message":"GET in /js/logoutfunction.js - 18:14:36"}
{"level":"debug","message":"GET in /cart/64dd62fa4a437f3be9553b33 - 18:14:39"}
{"level":"debug","message":"GET in /css/styleProducts.css - 18:14:39"}
{"level":"debug","message":"GET in /js/cart.js - 18:14:39"}
{"level":"debug","message":"GET in /js/logoutfunction.js - 18:14:39"}
{"level":"debug","message":"GET in /products - 18:14:40"}
{"level":"debug","message":"GET in /css/styleProducts.css - 18:14:40"}
{"level":"debug","message":"GET in /js/products.js - 18:14:40"}
{"level":"debug","message":"GET in /thumbnails/1681689657952-Gabinete-mid-tower_1.png - 18:14:40"}
{"level":"debug","message":"GET in /thumbnails/1681689704267-Gabinete-gigmatek_1.png - 18:14:40"}
{"level":"debug","message":"GET in /js/logoutfunction.js - 18:14:40"}
{"level":"debug","message":"GET in /api/sessions/logout - 18:16:38"}
{"level":"debug","message":"GET in / - 18:16:39"}
{"level":"debug","message":"GET in /css/styleProducts.css - 18:16:39"}
{"level":"debug","message":"GET in /js/login.js - 18:16:39"}
{"level":"debug","message":"GET in / - 18:39:21"}
{"level":"debug","message":"GET in /css/styleProducts.css - 18:39:21"}
{"level":"debug","message":"GET in /js/login.js - 18:39:21"}
{"level":"debug","message":"GET in /api/sessions/github - 18:39:23"}
{"level":"debug","message":"GET in /api/sessions/githubcallback?code=80c8424b96dd7695171d - 18:39:23"}
{"level":"debug","message":"GET in /products - 18:39:25"}
{"level":"debug","message":"GET in /css/styleProducts.css - 18:39:25"}
{"level":"debug","message":"GET in /js/products.js - 18:39:25"}
{"level":"debug","message":"GET in /thumbnails/1681689704267-Gabinete-gigmatek_1.png - 18:39:25"}
{"level":"debug","message":"GET in /thumbnails/1681689657952-Gabinete-mid-tower_1.png - 18:39:25"}
{"level":"debug","message":"GET in /js/logoutfunction.js - 18:39:25"}
{"level":"debug","message":"GET in /api/sessions/logout - 18:39:29"}
{"level":"debug","message":"GET in / - 18:39:30"}
{"level":"debug","message":"GET in /css/styleProducts.css - 18:39:31"}
{"level":"debug","message":"GET in /js/login.js - 18:39:31"}
{"level":"debug","message":"GET in / - 18:43:03"}
{"level":"debug","message":"GET in /css/styleProducts.css - 18:43:03"}
{"level":"debug","message":"GET in /js/login.js - 18:43:03"}
{"level":"debug","message":"GET in /api/sessions/github - 18:43:04"}
{"level":"debug","message":"GET in /api/sessions/githubcallback?code=bdbf9acf20c5d86ba126 - 18:43:05"}
{"level":"debug","message":"GET in /products - 18:43:06"}
{"level":"debug","message":"GET in /css/styleProducts.css - 18:43:08"}
{"level":"debug","message":"GET in /js/products.js - 18:43:08"}
{"level":"debug","message":"GET in /js/logoutfunction.js - 18:43:08"}
{"level":"debug","message":"GET in /thumbnails/1681689657952-Gabinete-mid-tower_1.png - 18:43:08"}
{"level":"debug","message":"GET in /thumbnails/1681689704267-Gabinete-gigmatek_1.png - 18:43:08"}
{"level":"debug","message":"GET in /api/sessions/logout - 18:48:18"}
{"level":"debug","message":"GET in / - 18:48:20"}
{"level":"debug","message":"GET in /css/styleProducts.css - 18:48:20"}
{"level":"debug","message":"GET in /js/login.js - 18:48:20"}
{"level":"debug","message":"GET in / - 18:48:23"}
{"level":"debug","message":"GET in /css/styleProducts.css - 18:48:23"}
{"level":"debug","message":"GET in /js/login.js - 18:48:23"}
{"level":"debug","message":"GET in /api/sessions/github - 18:48:25"}
{"level":"debug","message":"GET in /api/sessions/githubcallback?code=0cfdce510cb3de98b377 - 18:48:25"}
{"level":"debug","message":"GET in /products - 18:48:26"}
{"level":"debug","message":"GET in /css/styleProducts.css - 18:48:27"}
{"level":"debug","message":"GET in /js/products.js - 18:48:27"}
{"level":"debug","message":"GET in /js/logoutfunction.js - 18:48:27"}
{"level":"debug","message":"GET in /thumbnails/1681689657952-Gabinete-mid-tower_1.png - 18:48:27"}
{"level":"debug","message":"GET in /thumbnails/1681689704267-Gabinete-gigmatek_1.png - 18:48:27"}
{"level":"debug","message":"GET in /api/sessions/logout - 18:48:28"}
{"level":"debug","message":"GET in / - 18:48:29"}
{"level":"debug","message":"GET in /css/styleProducts.css - 18:48:29"}
{"level":"debug","message":"GET in /js/login.js - 18:48:29"}
{"level":"info","message":"GET in /api/sessions/githubcallback?code=d3b20d749ad3bd5b914b - 19:55:26"}
{"level":"info","message":"GET in / - 19:55:32"}
{"level":"info","message":"GET in /css/styleProducts.css - 19:55:32"}
{"level":"info","message":"GET in /js/login.js - 19:55:32"}
{"level":"info","message":"POST in /api/sessions/login - 19:55:38"}
{"level":"info","message":"GET in /products - 19:55:41"}
{"level":"info","message":"GET in /css/styleProducts.css - 19:55:42"}
{"level":"info","message":"GET in /js/products.js - 19:55:42"}
{"level":"info","message":"GET in /thumbnails/1681689657952-Gabinete-mid-tower_1.png - 19:55:42"}
{"level":"info","message":"GET in /thumbnails/1681689704267-Gabinete-gigmatek_1.png - 19:55:42"}
{"level":"info","message":"GET in /js/logoutfunction.js - 19:55:42"}
{"level":"info","message":"GET in /api/sessions/logout - 19:59:35"}
{"level":"info","message":"GET in / - 19:59:36"}
{"level":"info","message":"GET in /js/login.js - 19:59:37"}
{"level":"info","message":"GET in /css/styleProducts.css - 19:59:37"}
{"level":"info","message":"GET in /css/styleProducts.css - 19:59:40"}
{"level":"info","message":"POST in /api/sessions/login - 20:00:03"}
{"level":"info","message":"GET in /products - 20:00:06"}
{"level":"info","message":"GET in /css/styleProducts.css - 20:00:06"}
{"level":"info","message":"GET in /js/products.js - 20:00:06"}
{"level":"info","message":"GET in /js/logoutfunction.js - 20:00:06"}
{"level":"info","message":"GET in /thumbnails/1681689657952-Gabinete-mid-tower_1.png - 20:00:06"}
{"level":"info","message":"GET in /thumbnails/1681689704267-Gabinete-gigmatek_1.png - 20:00:06"}
{"level":"info","message":"GET in /api/sessions/logout - 20:00:54"}
{"level":"info","message":"GET in / - 20:00:56"}
{"level":"info","message":"GET in /css/styleProducts.css - 20:00:56"}
{"level":"info","message":"GET in /js/login.js - 20:00:56"}
{"level":"info","message":"GET in / - 20:01:05"}
{"level":"info","message":"GET in /js/login.js - 20:01:05"}
{"level":"info","message":"GET in /css/styleProducts.css - 20:01:05"}
{"level":"info","message":"POST in /api/sessions/login - 20:01:11"}
{"level":"info","message":"GET in /products - 20:01:13"}
{"level":"info","message":"GET in /css/styleProducts.css - 20:01:14"}
{"level":"info","message":"GET in /js/products.js - 20:01:14"}
{"level":"info","message":"GET in /js/logoutfunction.js - 20:01:14"}
{"level":"info","message":"GET in /thumbnails/1681689657952-Gabinete-mid-tower_1.png - 20:01:14"}
{"level":"info","message":"GET in /thumbnails/1681689704267-Gabinete-gigmatek_1.png - 20:01:14"}
{"level":"info","message":"GET in / - 20:02:43"}
{"level":"info","message":"GET in /css/styleProducts.css - 20:02:43"}
{"level":"info","message":"GET in /js/login.js - 20:02:43"}
{"level":"info","message":"POST in /api/sessions/login - 20:02:48"}
{"level":"info","message":"GET in /products - 20:02:51"}
{"level":"info","message":"GET in /css/styleProducts.css - 20:02:52"}
{"level":"info","message":"GET in /js/products.js - 20:02:52"}
{"level":"info","message":"GET in /thumbnails/1681689657952-Gabinete-mid-tower_1.png - 20:02:52"}
{"level":"info","message":"GET in /thumbnails/1681689704267-Gabinete-gigmatek_1.png - 20:02:52"}
{"level":"info","message":"GET in /js/logoutfunction.js - 20:02:52"}
{"level":"debug","message":"GET in /api/sessions/githubcallback?code=c88aa8b2144c509e6993 - 20:21:03"}
{"level":"debug","message":"GET in /products - 20:21:04"}
{"level":"debug","message":"GET in /css/styleProducts.css - 20:21:04"}
{"level":"debug","message":"GET in /js/products.js - 20:21:04"}
{"level":"debug","message":"GET in /thumbnails/1681689657952-Gabinete-mid-tower_1.png - 20:21:04"}
{"level":"debug","message":"GET in /thumbnails/1681689704267-Gabinete-gigmatek_1.png - 20:21:04"}
{"level":"debug","message":"GET in /js/logoutfunction.js - 20:21:04"}
{"level":"debug","message":"GET in /api/sessions/logout - 20:21:07"}
{"level":"debug","message":"GET in / - 20:21:09"}
{"level":"debug","message":"GET in /css/styleProducts.css - 20:21:09"}
{"level":"debug","message":"GET in /js/login.js - 20:21:09"}
{"level":"debug","message":"GET in / - 21:12:48"}
{"level":"debug","message":"GET in /css/styleProducts.css - 21:12:48"}
{"level":"debug","message":"GET in /js/login.js - 21:12:49"}
{"level":"debug","message":"POST in /api/sessions/login - 21:13:00"}
{"level":"debug","message":"GET in /products - 21:13:02"}
{"level":"debug","message":"GET in /css/styleProducts.css - 21:13:03"}
{"level":"debug","message":"GET in /thumbnails/1681689657952-Gabinete-mid-tower_1.png - 21:13:03"}
{"level":"debug","message":"GET in /thumbnails/1681689704267-Gabinete-gigmatek_1.png - 21:13:03"}
{"level":"debug","message":"GET in /js/products.js - 21:13:03"}
{"level":"debug","message":"GET in /js/logoutfunction.js - 21:13:03"}
{"level":"debug","message":"GET in /cart/64dd62fa4a437f3be9553b33 - 21:13:05"}
{"level":"debug","message":"GET in /css/styleProducts.css - 21:13:05"}
{"level":"debug","message":"GET in /js/cart.js - 21:13:05"}
{"level":"debug","message":"GET in /js/logoutfunction.js - 21:13:05"}
{"level":"debug","message":"POST in /api/carts/64dd62fa4a437f3be9553b33/product/64b45c1e2e71b72e3bb2ecd5 - 21:13:09"}
{"level":"debug","message":"GET in /products - 21:13:10"}
{"level":"debug","message":"GET in /css/styleProducts.css - 21:13:10"}
{"level":"debug","message":"GET in /js/products.js - 21:13:10"}
{"level":"debug","message":"GET in /js/logoutfunction.js - 21:13:10"}
{"level":"debug","message":"GET in /thumbnails/1681689657952-Gabinete-mid-tower_1.png - 21:13:10"}
{"level":"debug","message":"GET in /thumbnails/1681689704267-Gabinete-gigmatek_1.png - 21:13:10"}
{"level":"debug","message":"GET in / - 21:17:34"}
{"level":"debug","message":"GET in /css/styleProducts.css - 21:17:34"}
{"level":"debug","message":"GET in /js/login.js - 21:17:34"}
{"level":"debug","message":"POST in /api/sessions/login - 21:18:19"}
{"level":"debug","message":"GET in /products - 21:18:21"}
{"level":"debug","message":"GET in /css/styleProducts.css - 21:18:22"}
{"level":"debug","message":"GET in /js/products.js - 21:18:22"}
{"level":"debug","message":"GET in /thumbnails/1681689657952-Gabinete-mid-tower_1.png - 21:18:22"}
{"level":"debug","message":"GET in /thumbnails/1681689704267-Gabinete-gigmatek_1.png - 21:18:22"}
{"level":"debug","message":"GET in /js/logoutfunction.js - 21:18:22"}
{"level":"debug","message":"POST in /api/carts/64dd62fa4a437f3be9553b33/product/64b45c1e2e71b72e3bb2ecd5 - 21:18:24"}
{"level":"debug","message":"GET in /cart/64dd62fa4a437f3be9553b33 - 21:18:38"}
{"level":"debug","message":"GET in /css/styleProducts.css - 21:18:38"}
{"level":"debug","message":"GET in /js/cart.js - 21:18:38"}
{"level":"debug","message":"GET in /js/logoutfunction.js - 21:18:38"}
{"level":"debug","message":"GET in /thumbnails/1681689657952-Gabinete-mid-tower_1.png - 21:18:38"}
{"level":"debug","message":"GET in /api/payments/create-payment-intent - 21:18:38"}
{"level":"debug","message":"DELETE in /api/carts/64dd62fa4a437f3be9553b33/product/64b45c1e2e71b72e3bb2ecd5 - 21:18:39"}
{"level":"debug","message":"GET in /cart/64dd62fa4a437f3be9553b33 - 21:18:44"}
{"level":"debug","message":"GET in /js/cart.js - 21:18:44"}
{"level":"debug","message":"GET in /css/styleProducts.css - 21:18:44"}
{"level":"debug","message":"GET in /js/logoutfunction.js - 21:18:44"}
{"level":"debug","message":"GET in /cart/64dd62fa4a437f3be9553b33 - 21:19:17"}
{"level":"debug","message":"GET in /css/styleProducts.css - 21:19:19"}
{"level":"debug","message":"GET in /js/cart.js - 21:19:19"}
{"level":"debug","message":"GET in /js/logoutfunction.js - 21:19:19"}
{"level":"debug","message":"GET in /products - 21:19:20"}
{"level":"debug","message":"GET in /css/styleProducts.css - 21:19:20"}
{"level":"debug","message":"GET in /js/products.js - 21:19:20"}
{"level":"debug","message":"GET in /js/logoutfunction.js - 21:19:20"}
{"level":"debug","message":"GET in /thumbnails/1681689657952-Gabinete-mid-tower_1.png - 21:19:20"}
{"level":"debug","message":"GET in /thumbnails/1681689704267-Gabinete-gigmatek_1.png - 21:19:20"}
{"level":"debug","message":"POST in /api/carts/64dd62fa4a437f3be9553b33/product/64b45c1e2e71b72e3bb2ecd5 - 21:19:22"}
{"level":"debug","message":"GET in /products - 21:19:53"}
{"level":"debug","message":"GET in /css/styleProducts.css - 21:19:56"}
{"level":"debug","message":"GET in /js/products.js - 21:19:56"}
{"level":"debug","message":"GET in /thumbnails/1681689657952-Gabinete-mid-tower_1.png - 21:19:56"}
{"level":"debug","message":"GET in /thumbnails/1681689704267-Gabinete-gigmatek_1.png - 21:19:56"}
{"level":"debug","message":"GET in /js/logoutfunction.js - 21:19:56"}
{"level":"debug","message":"GET in /cart/64dd62fa4a437f3be9553b33 - 21:19:57"}
{"level":"debug","message":"GET in /css/styleProducts.css - 21:19:57"}
{"level":"debug","message":"GET in /js/cart.js - 21:19:57"}
{"level":"debug","message":"GET in /thumbnails/1681689657952-Gabinete-mid-tower_1.png - 21:19:57"}
{"level":"debug","message":"GET in /js/logoutfunction.js - 21:19:57"}
{"level":"debug","message":"GET in /api/payments/create-payment-intent - 21:19:58"}
{"level":"debug","message":"DELETE in /api/carts/64dd62fa4a437f3be9553b33/product/64b45c1e2e71b72e3bb2ecd5 - 21:19:59"}
{"level":"debug","message":"GET in /cart/64dd62fa4a437f3be9553b33 - 21:20:03"}
{"level":"debug","message":"GET in /js/cart.js - 21:20:03"}
{"level":"debug","message":"GET in /css/styleProducts.css - 21:20:03"}
{"level":"debug","message":"GET in /js/logoutfunction.js - 21:20:03"}
{"level":"debug","message":"GET in /products - 21:20:08"}
{"level":"debug","message":"GET in /js/products.js - 21:20:09"}
{"level":"debug","message":"GET in /css/styleProducts.css - 21:20:09"}
{"level":"debug","message":"GET in /js/logoutfunction.js - 21:20:09"}
{"level":"debug","message":"GET in /thumbnails/1681689657952-Gabinete-mid-tower_1.png - 21:20:09"}
{"level":"debug","message":"GET in /thumbnails/1681689704267-Gabinete-gigmatek_1.png - 21:20:09"}
{"level":"debug","message":"POST in /api/carts/64dd62fa4a437f3be9553b33/product/64b45c1e2e71b72e3bb2ecd6 - 21:20:10"}
{"level":"debug","message":"GET in /products - 21:21:09"}
{"level":"debug","message":"GET in /css/styleProducts.css - 21:21:10"}
{"level":"debug","message":"GET in /js/products.js - 21:21:10"}
{"level":"debug","message":"GET in /js/logoutfunction.js - 21:21:10"}
{"level":"debug","message":"GET in /thumbnails/1681689657952-Gabinete-mid-tower_1.png - 21:21:10"}
{"level":"debug","message":"GET in /thumbnails/1681689704267-Gabinete-gigmatek_1.png - 21:21:10"}
{"level":"debug","message":"POST in /api/carts/64dd62fa4a437f3be9553b33/product/64b45c1e2e71b72e3bb2ecd5 - 21:21:17"}
{"level":"debug","message":"GET in /products - 21:21:52"}
{"level":"debug","message":"GET in /css/styleProducts.css - 21:21:54"}
{"level":"debug","message":"GET in /js/products.js - 21:21:54"}
{"level":"debug","message":"GET in /thumbnails/1681689657952-Gabinete-mid-tower_1.png - 21:21:54"}
{"level":"debug","message":"GET in /thumbnails/1681689704267-Gabinete-gigmatek_1.png - 21:21:54"}
{"level":"debug","message":"GET in /js/logoutfunction.js - 21:21:54"}
{"level":"debug","message":"POST in /api/carts/64dd62fa4a437f3be9553b33/product/64b45c1e2e71b72e3bb2ecd5 - 21:21:58"}
{"level":"debug","message":"GET in /products - 21:22:53"}
{"level":"debug","message":"GET in /css/styleProducts.css - 21:22:53"}
{"level":"debug","message":"GET in /js/products.js - 21:22:53"}
{"level":"debug","message":"GET in /thumbnails/1681689657952-Gabinete-mid-tower_1.png - 21:22:53"}
{"level":"debug","message":"GET in /thumbnails/1681689704267-Gabinete-gigmatek_1.png - 21:22:53"}
{"level":"debug","message":"GET in /js/logoutfunction.js - 21:22:53"}
{"level":"debug","message":"POST in /api/carts/64dd62fa4a437f3be9553b33/product/64b45c1e2e71b72e3bb2ecd5 - 21:22:56"}
{"level":"debug","message":"GET in /products - 21:22:58"}
{"level":"debug","message":"GET in /css/styleProducts.css - 21:22:58"}
{"level":"debug","message":"GET in /js/products.js - 21:22:58"}
{"level":"debug","message":"GET in /js/logoutfunction.js - 21:22:58"}
{"level":"debug","message":"GET in /thumbnails/1681689657952-Gabinete-mid-tower_1.png - 21:22:58"}
{"level":"debug","message":"GET in /thumbnails/1681689704267-Gabinete-gigmatek_1.png - 21:22:58"}
{"level":"debug","message":"GET in /cart/64dd62fa4a437f3be9553b33 - 21:23:01"}
{"level":"debug","message":"GET in /css/styleProducts.css - 21:23:01"}
{"level":"debug","message":"GET in /js/cart.js - 21:23:01"}
{"level":"debug","message":"GET in /js/logoutfunction.js - 21:23:01"}
{"level":"debug","message":"GET in /thumbnails/1681689704267-Gabinete-gigmatek_1.png - 21:23:01"}
{"level":"debug","message":"GET in /thumbnails/1681689657952-Gabinete-mid-tower_1.png - 21:23:01"}
{"level":"debug","message":"GET in /api/payments/create-payment-intent - 21:23:01"}
{"level":"debug","message":"DELETE in /api/carts/64dd62fa4a437f3be9553b33/product/64b45c1e2e71b72e3bb2ecd6 - 21:23:03"}
{"level":"debug","message":"DELETE in /api/carts/64dd62fa4a437f3be9553b33/product/64b45c1e2e71b72e3bb2ecd5 - 21:23:06"}
{"level":"debug","message":"GET in /cart/64dd62fa4a437f3be9553b33 - 21:23:08"}
{"level":"debug","message":"GET in /css/styleProducts.css - 21:23:09"}
{"level":"debug","message":"GET in /js/cart.js - 21:23:09"}
{"level":"debug","message":"GET in /js/logoutfunction.js - 21:23:09"}
{"level":"debug","message":"GET in /products - 21:23:50"}
{"level":"debug","message":"GET in /css/styleProducts.css - 21:23:50"}
{"level":"debug","message":"GET in /js/products.js - 21:23:50"}
{"level":"debug","message":"GET in /js/logoutfunction.js - 21:23:50"}
{"level":"debug","message":"GET in /thumbnails/1681689657952-Gabinete-mid-tower_1.png - 21:23:50"}
{"level":"debug","message":"GET in /thumbnails/1681689704267-Gabinete-gigmatek_1.png - 21:23:50"}
{"level":"debug","message":"POST in /api/carts/64dd62fa4a437f3be9553b33/product/64b45c1e2e71b72e3bb2ecd5 - 21:23:55"}
{"level":"debug","message":"GET in /products - 21:23:58"}
{"level":"debug","message":"GET in /css/styleProducts.css - 21:23:59"}
{"level":"debug","message":"GET in /js/products.js - 21:23:59"}
{"level":"debug","message":"GET in /js/logoutfunction.js - 21:23:59"}
{"level":"debug","message":"GET in /thumbnails/1681689657952-Gabinete-mid-tower_1.png - 21:23:59"}
{"level":"debug","message":"GET in /thumbnails/1681689704267-Gabinete-gigmatek_1.png - 21:23:59"}
{"level":"debug","message":"GET in /products - 21:24:34"}
{"level":"debug","message":"GET in /css/styleProducts.css - 21:24:36"}
{"level":"debug","message":"GET in /js/products.js - 21:24:36"}
{"level":"debug","message":"GET in /thumbnails/1681689657952-Gabinete-mid-tower_1.png - 21:24:36"}
{"level":"debug","message":"GET in /thumbnails/1681689704267-Gabinete-gigmatek_1.png - 21:24:36"}
{"level":"debug","message":"GET in /js/logoutfunction.js - 21:24:36"}
{"level":"debug","message":"POST in /api/carts/64dd62fa4a437f3be9553b33/product/64b45c1e2e71b72e3bb2ecd5 - 21:24:38"}
{"level":"debug","message":"GET in /products - 21:24:42"}
{"level":"debug","message":"GET in /css/styleProducts.css - 21:24:42"}
{"level":"debug","message":"GET in /js/products.js - 21:24:42"}
{"level":"debug","message":"GET in /js/logoutfunction.js - 21:24:42"}
{"level":"debug","message":"GET in /thumbnails/1681689657952-Gabinete-mid-tower_1.png - 21:24:42"}
{"level":"debug","message":"GET in /thumbnails/1681689704267-Gabinete-gigmatek_1.png - 21:24:42"}
{"level":"debug","message":"GET in /products - 21:25:13"}
{"level":"debug","message":"GET in /css/styleProducts.css - 21:25:16"}
{"level":"debug","message":"GET in /js/products.js - 21:25:16"}
{"level":"debug","message":"GET in /thumbnails/1681689657952-Gabinete-mid-tower_1.png - 21:25:16"}
{"level":"debug","message":"GET in /thumbnails/1681689704267-Gabinete-gigmatek_1.png - 21:25:16"}
{"level":"debug","message":"GET in /js/logoutfunction.js - 21:25:16"}
{"level":"debug","message":"POST in /api/carts/64dd62fa4a437f3be9553b33/product/64b45c1e2e71b72e3bb2ecd5 - 21:25:19"}
{"level":"debug","message":"GET in / - 21:42:32"}
{"level":"debug","message":"GET in /css/styleProducts.css - 21:42:32"}
{"level":"debug","message":"GET in /js/login.js - 21:42:32"}
{"level":"debug","message":"GET in / - 21:42:32"}
{"level":"debug","message":"GET in /register - 21:42:34"}
{"level":"debug","message":"GET in /css/styleProducts.css - 21:42:34"}
{"level":"debug","message":"GET in /js/register.js - 21:42:34"}
{"level":"debug","message":"GET in /register - 21:42:34"}
{"level":"debug","message":"POST in /api/sessions/register - 21:42:41"}
{"level":"debug","message":"GET in /api/sessions/failRegister - 21:42:42"}
{"level":"debug","message":"GET in / - 21:42:44"}
{"level":"debug","message":"GET in /css/styleProducts.css - 21:42:44"}
{"level":"debug","message":"GET in /js/login.js - 21:42:44"}
{"level":"debug","message":"GET in / - 21:42:44"}
{"level":"debug","message":"POST in /api/sessions/login - 21:42:46"}
{"level":"debug","message":"POST in /api/sessions/login - 21:42:50"}
{"level":"debug","message":"GET in /api/sessions/github - 21:42:53"}
{"level":"debug","message":"GET in /api/sessions/githubcallback?code=d207299fa46eed9c5e4f - 21:42:54"}
{"level":"debug","message":"GET in /products - 21:42:55"}
{"level":"debug","message":"GET in /css/styleProducts.css - 21:42:55"}
{"level":"debug","message":"GET in /js/products.js - 21:42:55"}
{"level":"debug","message":"GET in /thumbnails/1681689657952-Gabinete-mid-tower_1.png - 21:42:55"}
{"level":"debug","message":"GET in /thumbnails/1681689704267-Gabinete-gigmatek_1.png - 21:42:55"}
{"level":"debug","message":"GET in /js/logoutfunction.js - 21:42:55"}
{"level":"debug","message":"GET in /products - 21:42:55"}
{"level":"debug","message":"POST in /api/carts/64dfd81c7b57a48554d1d9d3/product/64b45c1e2e71b72e3bb2ecd5 - 21:42:58"}
{"level":"debug","message":"GET in /product/64b45c1e2e71b72e3bb2ecd5 - 21:43:01"}
{"level":"debug","message":"GET in /css/styleProducts.css - 21:43:01"}
{"level":"debug","message":"GET in /thumbnails/1681689657952-Gabinete-mid-tower_1.png - 21:43:01"}
{"level":"debug","message":"GET in /js/product.js - 21:43:01"}
{"level":"debug","message":"GET in /js/logoutfunction.js - 21:43:01"}
{"level":"debug","message":"GET in /product/64b45c1e2e71b72e3bb2ecd5 - 21:43:01"}
{"level":"debug","message":"GET in /products - 21:43:03"}
{"level":"debug","message":"GET in /css/styleProducts.css - 21:43:03"}
{"level":"debug","message":"GET in /thumbnails/1681689657952-Gabinete-mid-tower_1.png - 21:43:03"}
{"level":"debug","message":"GET in /thumbnails/1681689704267-Gabinete-gigmatek_1.png - 21:43:03"}
{"level":"debug","message":"GET in /js/products.js - 21:43:03"}
{"level":"debug","message":"GET in /js/logoutfunction.js - 21:43:03"}
{"level":"debug","message":"GET in /products - 21:43:03"}
{"level":"debug","message":"GET in /cart/64dfd81c7b57a48554d1d9d3 - 21:43:04"}
{"level":"debug","message":"GET in /css/styleProducts.css - 21:43:05"}
{"level":"debug","message":"GET in /thumbnails/1681689657952-Gabinete-mid-tower_1.png - 21:43:05"}
{"level":"debug","message":"GET in /thumbnails/1681689704267-Gabinete-gigmatek_1.png - 21:43:05"}
{"level":"debug","message":"GET in /js/cart.js - 21:43:05"}
{"level":"debug","message":"GET in /js/logoutfunction.js - 21:43:05"}
{"level":"debug","message":"GET in /api/payments/create-payment-intent - 21:43:05"}
{"level":"debug","message":"GET in /cart/64dfd81c7b57a48554d1d9d3 - 21:43:05"}
{"level":"debug","message":"DELETE in /api/carts/64dfd81c7b57a48554d1d9d3/product/64b45c1e2e71b72e3bb2ecd5 - 21:43:06"}
{"level":"debug","message":"GET in /cart/64dfd81c7b57a48554d1d9d3 - 21:43:10"}
{"level":"debug","message":"GET in /css/styleProducts.css - 21:43:10"}
{"level":"debug","message":"GET in /thumbnails/1681689704267-Gabinete-gigmatek_1.png - 21:43:10"}
{"level":"debug","message":"GET in /js/cart.js - 21:43:10"}
{"level":"debug","message":"GET in /js/logoutfunction.js - 21:43:10"}
{"level":"debug","message":"GET in /api/payments/create-payment-intent - 21:43:10"}
{"level":"debug","message":"GET in /cart/64dfd81c7b57a48554d1d9d3 - 21:43:10"}
{"level":"debug","message":"GET in / - 21:53:01"}
{"level":"debug","message":"GET in / - 21:53:01"}
{"level":"debug","message":"POST in /api/sessions/login - 21:53:02"}
{"level":"debug","message":"POST in /api/sessions/login - 21:53:04"}
{"level":"debug","message":"GET in /api/sessions/github - 21:53:07"}
{"level":"debug","message":"GET in /api/sessions/githubcallback?code=7793069768c59198dede - 21:53:08"}
{"level":"debug","message":"GET in /products - 21:53:09"}
{"level":"debug","message":"GET in /products - 21:53:09"}
{"level":"debug","message":"POST in /api/carts/64dfd81c7b57a48554d1d9d3/product/64b45c1e2e71b72e3bb2ecd5 - 21:53:11"}
{"level":"debug","message":"GET in /product/64b45c1e2e71b72e3bb2ecd5 - 21:53:15"}
{"level":"debug","message":"GET in /product/64b45c1e2e71b72e3bb2ecd5 - 21:53:15"}
{"level":"debug","message":"GET in /product/cart/64dfd81c7b57a48554d1d9d3 - 21:53:18"}
{"level":"debug","message":"GET in /product/64b45c1e2e71b72e3bb2ecd5 - 21:53:20"}
{"level":"debug","message":"GET in /products - 21:53:22"}
{"level":"debug","message":"GET in /products - 21:53:22"}
{"level":"debug","message":"GET in /product/64b45c1e2e71b72e3bb2ecd5 - 21:53:25"}
{"level":"debug","message":"GET in /products - 21:53:27"}
{"level":"debug","message":"GET in /products - 21:53:27"}
{"level":"debug","message":"GET in /cart/64dfd81c7b57a48554d1d9d3 - 21:53:31"}
{"level":"debug","message":"GET in / - 21:53:48"}
{"level":"debug","message":"GET in /css/styleProducts.css - 21:53:48"}
{"level":"debug","message":"GET in /js/login.js - 21:53:48"}
{"level":"debug","message":"GET in / - 21:53:48"}
{"level":"debug","message":"POST in /api/sessions/login - 21:53:49"}
{"level":"debug","message":"POST in /api/sessions/login - 21:54:44"}
{"level":"debug","message":"GET in /products - 21:54:45"}
{"level":"debug","message":"GET in /css/styleProducts.css - 21:54:45"}
{"level":"debug","message":"GET in /js/products.js - 21:54:45"}
{"level":"debug","message":"GET in /js/logoutfunction.js - 21:54:45"}
{"level":"debug","message":"GET in /products - 21:54:45"}
{"level":"debug","message":"POST in /api/carts/64a2c82cae1f1451f74575fc/product/64399f6b16208f147583f8d1 - 21:54:50"}
{"level":"debug","message":"GET in /cart/64a2c82cae1f1451f74575fc - 21:54:53"}
{"level":"debug","message":"GET in /css/styleProducts.css - 21:54:53"}
{"level":"debug","message":"GET in /js/cart.js - 21:54:53"}
{"level":"debug","message":"GET in /js/logoutfunction.js - 21:54:53"}
{"level":"debug","message":"GET in /api/payments/create-payment-intent - 21:54:53"}
{"level":"debug","message":"GET in /cart/64a2c82cae1f1451f74575fc - 21:54:53"}
{"level":"debug","message":"DELETE in /api/carts/64a2c82cae1f1451f74575fc/product/64399f6b16208f147583f8cb - 21:54:54"}
{"level":"debug","message":"GET in /cart/64a2c82cae1f1451f74575fc - 21:54:58"}
{"level":"debug","message":"GET in /css/styleProducts.css - 21:54:59"}
{"level":"debug","message":"GET in /js/cart.js - 21:54:59"}
{"level":"debug","message":"GET in /js/logoutfunction.js - 21:54:59"}
{"level":"debug","message":"GET in /api/payments/create-payment-intent - 21:54:59"}
{"level":"debug","message":"GET in /cart/64a2c82cae1f1451f74575fc - 21:54:59"}
{"level":"debug","message":"GET in / - 17:12:59"}
{"level":"debug","message":"GET in /css/styleProducts.css - 17:12:59"}
{"level":"debug","message":"GET in /js/login.js - 17:12:59"}
{"level":"debug","message":"GET in / - 17:12:59"}
{"level":"debug","message":"POST in /api/sessions/login - 17:13:00"}
{"level":"debug","message":"GET in /products - 17:13:02"}
{"level":"debug","message":"GET in /css/styleProducts.css - 17:13:02"}
{"level":"debug","message":"GET in /js/products.js - 17:13:02"}
{"level":"debug","message":"GET in /js/logoutfunction.js - 17:13:02"}
{"level":"debug","message":"GET in /products - 17:13:02"}
{"level":"debug","message":"GET in /product/64399f6b16208f147583f8d1 - 17:13:07"}
{"level":"debug","message":"GET in /css/styleProducts.css - 17:13:07"}
{"level":"debug","message":"GET in /js/product.js - 17:13:07"}
{"level":"debug","message":"GET in /js/logoutfunction.js - 17:13:07"}
{"level":"debug","message":"GET in /product/64399f6b16208f147583f8d1 - 17:13:07"}
{"level":"debug","message":"GET in /product/64399f6b16208f147583f8d1 - 17:13:37"}
{"level":"debug","message":"GET in /css/styleProducts.css - 17:13:37"}
{"level":"debug","message":"GET in /js/product.js - 17:13:37"}
{"level":"debug","message":"GET in /js/logoutfunction.js - 17:13:37"}
{"level":"debug","message":"GET in /product/64399f6b16208f147583f8d1 - 17:13:37"}
{"level":"debug","message":"GET in /products - 17:13:39"}
{"level":"debug","message":"GET in /css/styleProducts.css - 17:13:39"}
{"level":"debug","message":"GET in /js/products.js - 17:13:39"}
{"level":"debug","message":"GET in /js/logoutfunction.js - 17:13:39"}
{"level":"debug","message":"GET in /products - 17:13:39"}
{"level":"debug","message":"GET in /product/64399f6b16208f147583f8d1 - 17:13:44"}
{"level":"debug","message":"GET in /css/styleProducts.css - 17:13:44"}
{"level":"debug","message":"GET in /js/product.js - 17:13:44"}
{"level":"debug","message":"GET in /js/logoutfunction.js - 17:13:44"}
{"level":"debug","message":"GET in /product/64399f6b16208f147583f8d1 - 17:13:44"}
{"level":"debug","message":"GET in /products - 17:13:48"}
{"level":"debug","message":"GET in /cart/64a2c82cae1f1451f74575fc - 17:19:46"}
{"level":"debug","message":"GET in /css/styleProducts.css - 17:19:46"}
{"level":"debug","message":"GET in /js/cart.js - 17:19:46"}
{"level":"debug","message":"GET in /js/logoutfunction.js - 17:19:47"}
{"level":"debug","message":"GET in /api/payments/create-payment-intent - 17:19:47"}
{"level":"debug","message":"GET in /cart/64a2c82cae1f1451f74575fc - 17:19:47"}
{"level":"debug","message":"DELETE in /api/carts/64a2c82cae1f1451f74575fc/product/64399f6b16208f147583f8c9 - 17:19:47"}
{"level":"debug","message":"DELETE in /api/carts/64a2c82cae1f1451f74575fc/product/64399f6b16208f147583f8c9 - 17:19:50"}
{"level":"debug","message":"GET in /cart/64a2c82cae1f1451f74575fc - 17:19:52"}
{"level":"debug","message":"GET in /css/styleProducts.css - 17:19:52"}
{"level":"debug","message":"GET in /js/cart.js - 17:19:52"}
{"level":"debug","message":"GET in /js/logoutfunction.js - 17:19:52"}
{"level":"debug","message":"GET in /api/payments/create-payment-intent - 17:19:52"}
{"level":"debug","message":"GET in /cart/64a2c82cae1f1451f74575fc - 17:19:52"}
{"level":"debug","message":"DELETE in /api/carts/64a2c82cae1f1451f74575fc/product/64399f6b16208f147583f8d1 - 17:19:53"}
{"level":"debug","message":"GET in /cart/64a2c82cae1f1451f74575fc - 17:19:57"}
{"level":"debug","message":"DELETE in /api/carts/64a2c82cae1f1451f74575fc/product/64399f6b16208f147583f8ca - 17:19:57"}
{"level":"debug","message":"GET in /css/styleProducts.css - 17:19:57"}
{"level":"debug","message":"GET in /js/cart.js - 17:19:57"}
{"level":"debug","message":"GET in /js/logoutfunction.js - 17:19:57"}
{"level":"debug","message":"GET in /api/payments/create-payment-intent - 17:19:57"}
{"level":"debug","message":"GET in /cart/64a2c82cae1f1451f74575fc - 17:19:58"}
{"level":"error","message":"Failed to create payment intent: Error: This value must be greater than or equal to 1."}
{"level":"debug","message":"DELETE in /api/carts/64a2c82cae1f1451f74575fc/product/64399f6b16208f147583f8ca - 17:20:01"}
{"level":"debug","message":"GET in /cart/64a2c82cae1f1451f74575fc - 17:20:05"}
{"level":"debug","message":"GET in /css/styleProducts.css - 17:20:05"}
{"level":"debug","message":"GET in /js/cart.js - 17:20:05"}
{"level":"debug","message":"GET in /js/logoutfunction.js - 17:20:05"}
{"level":"debug","message":"GET in /cart/64a2c82cae1f1451f74575fc - 17:20:05"}
{"level":"debug","message":"GET in /products - 17:20:08"}
{"level":"debug","message":"GET in /css/styleProducts.css - 17:20:08"}
{"level":"debug","message":"GET in /js/products.js - 17:20:08"}
{"level":"debug","message":"GET in /js/logoutfunction.js - 17:20:08"}
{"level":"debug","message":"GET in /products - 17:20:08"}
{"level":"debug","message":"POST in /api/carts/64a2c82cae1f1451f74575fc/product/64399f6b16208f147583f8d1 - 17:20:11"}
{"level":"debug","message":"GET in /cart/64a2c82cae1f1451f74575fc - 17:20:14"}
{"level":"debug","message":"GET in /css/styleProducts.css - 17:20:15"}
{"level":"debug","message":"GET in /js/cart.js - 17:20:15"}
{"level":"debug","message":"GET in /js/logoutfunction.js - 17:20:15"}
{"level":"debug","message":"GET in /api/payments/create-payment-intent - 17:20:15"}
{"level":"debug","message":"GET in /cart/64a2c82cae1f1451f74575fc - 17:20:15"}
{"level":"debug","message":"GET in / - 17:21:40"}
{"level":"debug","message":"GET in /css/styleProducts.css - 17:21:40"}
{"level":"debug","message":"GET in /js/login.js - 17:21:40"}
{"level":"debug","message":"GET in / - 17:21:40"}
{"level":"debug","message":"POST in /api/sessions/login - 17:21:42"}
{"level":"debug","message":"GET in /products - 17:21:44"}
{"level":"debug","message":"GET in /css/styleProducts.css - 17:21:44"}
{"level":"debug","message":"GET in /js/products.js - 17:21:44"}
{"level":"debug","message":"GET in /js/logoutfunction.js - 17:21:44"}
{"level":"debug","message":"GET in /products - 17:21:44"}
{"level":"debug","message":"GET in /cart/64a2c82cae1f1451f74575fc - 17:21:45"}
{"level":"debug","message":"GET in /css/styleProducts.css - 17:21:46"}
{"level":"debug","message":"GET in /js/cart.js - 17:21:46"}
{"level":"debug","message":"GET in /js/logoutfunction.js - 17:21:46"}
{"level":"debug","message":"GET in /api/payments/create-payment-intent - 17:21:46"}
{"level":"debug","message":"GET in /cart/64a2c82cae1f1451f74575fc - 17:21:46"}
{"level":"debug","message":"GET in /cart/64a2c82cae1f1451f74575fc - 17:21:50"}
{"level":"debug","message":"GET in /css/styleProducts.css - 17:21:50"}
{"level":"debug","message":"GET in /js/cart.js - 17:21:50"}
{"level":"debug","message":"GET in /js/logoutfunction.js - 17:21:50"}
{"level":"debug","message":"GET in /api/payments/create-payment-intent - 17:21:50"}
{"level":"debug","message":"GET in /cart/64a2c82cae1f1451f74575fc - 17:21:50"}
{"level":"debug","message":"DELETE in /api/carts/64a2c82cae1f1451f74575fc/product/64399f6b16208f147583f8d1 - 17:21:51"}
{"level":"debug","message":"DELETE in /api/carts/64a2c82cae1f1451f74575fc/product/64399f6b16208f147583f8d1 - 17:21:54"}
{"level":"debug","message":"GET in /cart/64a2c82cae1f1451f74575fc - 17:21:55"}
{"level":"debug","message":"GET in /css/styleProducts.css - 17:21:55"}
{"level":"debug","message":"GET in /js/cart.js - 17:21:55"}
{"level":"debug","message":"GET in /js/logoutfunction.js - 17:21:55"}
{"level":"debug","message":"GET in /cart/64a2c82cae1f1451f74575fc - 17:21:55"}
{"level":"debug","message":"GET in /products - 17:21:58"}
{"level":"debug","message":"GET in /css/styleProducts.css - 17:21:58"}
{"level":"debug","message":"GET in /js/products.js - 17:21:58"}
{"level":"debug","message":"GET in /js/logoutfunction.js - 17:21:58"}
{"level":"debug","message":"GET in /products - 17:21:58"}
{"level":"debug","message":"POST in /api/carts/64a2c82cae1f1451f74575fc/product/64399f6b16208f147583f8d1 - 17:21:59"}
{"level":"debug","message":"GET in /admin - 17:22:02"}
{"level":"debug","message":"GET in /css/styleProducts.css - 17:22:02"}
{"level":"debug","message":"GET in /js/admin.js - 17:22:02"}
{"level":"debug","message":"GET in /js/logoutfunction.js - 17:22:02"}
{"level":"debug","message":"GET in /admin - 17:22:02"}
{"level":"debug","message":"GET in /cart/64a2c82cae1f1451f74575fc - 17:22:04"}
{"level":"debug","message":"GET in /css/styleProducts.css - 17:22:04"}
{"level":"debug","message":"GET in /js/cart.js - 17:22:04"}
{"level":"debug","message":"GET in /js/logoutfunction.js - 17:22:04"}
{"level":"debug","message":"GET in /api/payments/create-payment-intent - 17:22:04"}
{"level":"debug","message":"GET in /cart/64a2c82cae1f1451f74575fc - 17:22:04"}
{"level":"debug","message":"DELETE in /api/carts/64a2c82cae1f1451f74575fc/product/64399f6b16208f147583f8d1 - 17:23:00"}
{"level":"debug","message":"GET in /cart/64a2c82cae1f1451f74575fc - 17:23:05"}
{"level":"debug","message":"GET in /css/styleProducts.css - 17:23:05"}
{"level":"debug","message":"GET in /js/cart.js - 17:23:05"}
{"level":"debug","message":"GET in /js/logoutfunction.js - 17:23:05"}
{"level":"debug","message":"GET in /cart/64a2c82cae1f1451f74575fc - 17:23:05"}
{"level":"debug","message":"GET in /products - 17:23:06"}
{"level":"debug","message":"GET in /css/styleProducts.css - 17:23:06"}
{"level":"debug","message":"GET in /js/products.js - 17:23:06"}
{"level":"debug","message":"GET in /js/logoutfunction.js - 17:23:06"}
{"level":"debug","message":"GET in /products - 17:23:06"}
{"level":"debug","message":"POST in /api/carts/64a2c82cae1f1451f74575fc/product/64399f6b16208f147583f8d1 - 17:23:07"}
{"level":"debug","message":"POST in /api/carts/64a2c82cae1f1451f74575fc/product/64399f6b16208f147583f8cf - 17:23:10"}
{"level":"debug","message":"GET in /cart/64a2c82cae1f1451f74575fc - 17:23:12"}
{"level":"debug","message":"GET in /css/styleProducts.css - 17:23:13"}
{"level":"debug","message":"GET in /js/cart.js - 17:23:13"}
{"level":"debug","message":"GET in /js/logoutfunction.js - 17:23:13"}
{"level":"debug","message":"GET in /api/payments/create-payment-intent - 17:23:13"}
{"level":"debug","message":"GET in /cart/64a2c82cae1f1451f74575fc - 17:23:13"}
{"level":"debug","message":"GET in /cart/64a2c82cae1f1451f74575fc - 17:24:39"}
{"level":"debug","message":"GET in /css/styleProducts.css - 17:24:39"}
{"level":"debug","message":"GET in /js/cart.js - 17:24:39"}
{"level":"debug","message":"GET in /js/logoutfunction.js - 17:24:39"}
{"level":"debug","message":"GET in /api/payments/create-payment-intent - 17:24:39"}
{"level":"debug","message":"GET in /cart/64a2c82cae1f1451f74575fc - 17:24:39"}
{"level":"debug","message":"GET in /cart/64a2c82cae1f1451f74575fc - 17:25:25"}
{"level":"debug","message":"GET in /css/styleProducts.css - 17:25:25"}
{"level":"debug","message":"GET in /js/cart.js - 17:25:25"}
{"level":"debug","message":"GET in /js/logoutfunction.js - 17:25:25"}
{"level":"debug","message":"GET in /api/payments/create-payment-intent - 17:25:25"}
{"level":"debug","message":"GET in /cart/64a2c82cae1f1451f74575fc - 17:25:25"}
{"level":"debug","message":"GET in /cart/64a2c82cae1f1451f74575fc - 17:25:45"}
{"level":"debug","message":"GET in /css/styleProducts.css - 17:25:46"}
{"level":"debug","message":"GET in /js/cart.js - 17:25:46"}
{"level":"debug","message":"GET in /js/logoutfunction.js - 17:25:46"}
{"level":"debug","message":"GET in /api/payments/create-payment-intent - 17:25:46"}
{"level":"debug","message":"GET in /cart/64a2c82cae1f1451f74575fc - 17:25:46"}
{"level":"debug","message":"GET in /cart/64a2c82cae1f1451f74575fc - 17:29:42"}
{"level":"debug","message":"GET in /css/styleProducts.css - 17:29:42"}
{"level":"debug","message":"GET in /js/cart.js - 17:29:42"}
{"level":"debug","message":"GET in /js/logoutfunction.js - 17:29:43"}
{"level":"debug","message":"GET in /api/payments/create-payment-intent - 17:29:43"}
{"level":"debug","message":"GET in /cart/64a2c82cae1f1451f74575fc - 17:29:43"}
{"level":"debug","message":"GET in /cart/64a2c82cae1f1451f74575fc - 17:31:11"}
{"level":"debug","message":"GET in /css/styleProducts.css - 17:31:11"}
{"level":"debug","message":"GET in /js/cart.js - 17:31:11"}
{"level":"debug","message":"GET in /js/logoutfunction.js - 17:31:11"}
{"level":"debug","message":"GET in /api/payments/create-payment-intent - 17:31:11"}
{"level":"debug","message":"GET in /cart/64a2c82cae1f1451f74575fc - 17:31:11"}
{"level":"debug","message":"GET in /cart/64a2c82cae1f1451f74575fc - 17:34:43"}
{"level":"debug","message":"GET in /css/styleProducts.css - 17:34:44"}
{"level":"debug","message":"GET in /js/cart.js - 17:34:44"}
{"level":"debug","message":"GET in /js/logoutfunction.js - 17:34:44"}
{"level":"debug","message":"GET in /api/payments/create-payment-intent - 17:34:44"}
{"level":"debug","message":"GET in /cart/64a2c82cae1f1451f74575fc - 17:34:44"}
{"level":"debug","message":"GET in /cart/64a2c82cae1f1451f74575fc - 17:34:56"}
{"level":"debug","message":"GET in /css/styleProducts.css - 17:34:57"}
{"level":"debug","message":"GET in /js/cart.js - 17:34:57"}
{"level":"debug","message":"GET in /js/logoutfunction.js - 17:34:57"}
{"level":"debug","message":"GET in /api/payments/create-payment-intent - 17:34:57"}
{"level":"debug","message":"GET in /cart/64a2c82cae1f1451f74575fc - 17:34:57"}
{"level":"debug","message":"GET in /cart/64a2c82cae1f1451f74575fc - 17:35:03"}
{"level":"debug","message":"GET in /css/styleProducts.css - 17:35:04"}
{"level":"debug","message":"GET in /js/cart.js - 17:35:04"}
{"level":"debug","message":"GET in /js/logoutfunction.js - 17:35:04"}
{"level":"debug","message":"GET in /api/payments/create-payment-intent - 17:35:04"}
{"level":"debug","message":"GET in /cart/64a2c82cae1f1451f74575fc - 17:35:04"}
{"level":"debug","message":"GET in /css/styleProducts.css - 17:35:21"}
{"level":"debug","message":"GET in /cart/64a2c82cae1f1451f74575fc - 17:40:48"}
{"level":"debug","message":"GET in /css/styleProducts.css - 17:40:49"}
{"level":"debug","message":"GET in /js/cart.js - 17:40:49"}
{"level":"debug","message":"GET in /js/logoutfunction.js - 17:40:49"}
{"level":"debug","message":"GET in /api/payments/create-payment-intent - 17:40:49"}
{"level":"debug","message":"GET in /cart/64a2c82cae1f1451f74575fc - 17:40:49"}
{"level":"debug","message":"GET in /cart/64a2c82cae1f1451f74575fc - 17:40:58"}
{"level":"debug","message":"GET in /css/styleProducts.css - 17:40:58"}
{"level":"debug","message":"GET in /js/cart.js - 17:40:58"}
{"level":"debug","message":"GET in /js/logoutfunction.js - 17:40:58"}
{"level":"debug","message":"GET in /api/payments/create-payment-intent - 17:40:58"}
{"level":"debug","message":"GET in /cart/64a2c82cae1f1451f74575fc - 17:40:58"}
{"level":"debug","message":"GET in /cart/64a2c82cae1f1451f74575fc - 17:41:02"}
{"level":"debug","message":"GET in /css/styleProducts.css - 17:41:02"}
{"level":"debug","message":"GET in /js/cart.js - 17:41:02"}
{"level":"debug","message":"GET in /js/logoutfunction.js - 17:41:02"}
{"level":"debug","message":"GET in /api/payments/create-payment-intent - 17:41:02"}
{"level":"debug","message":"GET in /cart/64a2c82cae1f1451f74575fc - 17:41:02"}
{"level":"debug","message":"GET in /cart/64a2c82cae1f1451f74575fc - 17:41:03"}
{"level":"debug","message":"GET in /css/styleProducts.css - 17:41:03"}
{"level":"debug","message":"GET in /js/cart.js - 17:41:03"}
{"level":"debug","message":"GET in /js/logoutfunction.js - 17:41:03"}
{"level":"debug","message":"GET in /api/payments/create-payment-intent - 17:41:03"}
{"level":"debug","message":"GET in /cart/64a2c82cae1f1451f74575fc - 17:41:03"}
{"level":"debug","message":"GET in /cart/64a2c82cae1f1451f74575fc - 17:41:06"}
{"level":"debug","message":"GET in /css/styleProducts.css - 17:41:06"}
{"level":"debug","message":"GET in /js/cart.js - 17:41:06"}
{"level":"debug","message":"GET in /js/logoutfunction.js - 17:41:06"}
{"level":"debug","message":"GET in /api/payments/create-payment-intent - 17:41:06"}
{"level":"debug","message":"GET in /cart/64a2c82cae1f1451f74575fc - 17:41:06"}
{"level":"debug","message":"GET in / - 17:45:13"}
{"level":"debug","message":"GET in /css/styleProducts.css - 17:45:13"}
{"level":"debug","message":"GET in /js/login.js - 17:45:13"}
{"level":"debug","message":"GET in / - 17:45:13"}
{"level":"debug","message":"POST in /api/sessions/login - 17:45:14"}
{"level":"debug","message":"GET in /products - 17:45:16"}
{"level":"debug","message":"GET in /css/styleProducts.css - 17:45:16"}
{"level":"debug","message":"GET in /js/products.js - 17:45:16"}
{"level":"debug","message":"GET in /js/logoutfunction.js - 17:45:16"}
{"level":"debug","message":"GET in /products - 17:45:16"}
{"level":"debug","message":"GET in /cart/64a2c82cae1f1451f74575fc - 17:45:18"}
{"level":"debug","message":"GET in /css/styleProducts.css - 17:45:18"}
{"level":"debug","message":"GET in /js/cart.js - 17:45:18"}
{"level":"debug","message":"GET in /js/logoutfunction.js - 17:45:18"}
{"level":"debug","message":"GET in /api/payments/create-payment-intent - 17:45:18"}
{"level":"debug","message":"GET in /cart/64a2c82cae1f1451f74575fc - 17:45:19"}
{"level":"debug","message":"GET in /products - 17:45:33"}
{"level":"debug","message":"GET in /css/styleProducts.css - 17:45:33"}
{"level":"debug","message":"GET in /js/products.js - 17:45:33"}
{"level":"debug","message":"GET in /js/logoutfunction.js - 17:45:33"}
{"level":"debug","message":"GET in /products - 17:45:33"}
{"level":"debug","message":"GET in /products - 17:45:53"}
{"level":"debug","message":"GET in /css/styleProducts.css - 17:45:53"}
{"level":"debug","message":"GET in /js/products.js - 17:45:53"}
{"level":"debug","message":"GET in /js/logoutfunction.js - 17:45:53"}
{"level":"debug","message":"GET in /products - 17:45:53"}
{"level":"debug","message":"GET in /products - 17:47:35"}
{"level":"debug","message":"GET in /css/styleProducts.css - 17:47:36"}
{"level":"debug","message":"GET in /js/products.js - 17:47:36"}
{"level":"debug","message":"GET in /js/logoutfunction.js - 17:47:36"}
{"level":"debug","message":"GET in /products - 17:47:36"}
{"level":"debug","message":"GET in /products - 17:48:15"}
{"level":"debug","message":"GET in /css/styleProducts.css - 17:48:15"}
{"level":"debug","message":"GET in /js/products.js - 17:48:15"}
{"level":"debug","message":"GET in /js/logoutfunction.js - 17:48:15"}
{"level":"debug","message":"GET in /products - 17:48:15"}
{"level":"debug","message":"GET in /css/styleProducts.css - 17:48:52"}
{"level":"debug","message":"GET in /products - 17:49:04"}
{"level":"debug","message":"GET in /css/styleProducts.css - 17:49:04"}
{"level":"debug","message":"GET in /js/products.js - 17:49:04"}
{"level":"debug","message":"GET in /js/logoutfunction.js - 17:49:04"}
{"level":"debug","message":"GET in /products - 17:49:04"}
{"level":"debug","message":"GET in /products - 17:49:41"}
{"level":"debug","message":"GET in /css/styleProducts.css - 17:49:41"}
{"level":"debug","message":"GET in /js/products.js - 17:49:41"}
{"level":"debug","message":"GET in /js/logoutfunction.js - 17:49:41"}
{"level":"debug","message":"GET in /products - 17:49:42"}
{"level":"debug","message":"GET in /products - 17:49:57"}
{"level":"debug","message":"GET in /css/styleProducts.css - 17:49:57"}
{"level":"debug","message":"GET in /js/products.js - 17:49:57"}
{"level":"debug","message":"GET in /js/logoutfunction.js - 17:49:57"}
{"level":"debug","message":"GET in /products - 17:49:57"}
{"level":"debug","message":"GET in /products - 17:50:06"}
{"level":"debug","message":"GET in /css/styleProducts.css - 17:50:06"}
{"level":"debug","message":"GET in /js/products.js - 17:50:06"}
{"level":"debug","message":"GET in /js/logoutfunction.js - 17:50:06"}
{"level":"debug","message":"GET in /products - 17:50:06"}
{"level":"debug","message":"GET in /products - 17:50:08"}
{"level":"debug","message":"GET in /css/styleProducts.css - 17:50:08"}
{"level":"debug","message":"GET in /js/products.js - 17:50:08"}
{"level":"debug","message":"GET in /js/logoutfunction.js - 17:50:08"}
{"level":"debug","message":"GET in /products - 17:50:08"}
{"level":"debug","message":"GET in /products - 17:50:13"}
{"level":"debug","message":"GET in /css/styleProducts.css - 17:50:13"}
{"level":"debug","message":"GET in /js/products.js - 17:50:13"}
{"level":"debug","message":"GET in /js/logoutfunction.js - 17:50:13"}
{"level":"debug","message":"GET in /products - 17:50:13"}
{"level":"debug","message":"GET in /products - 17:50:14"}
{"level":"debug","message":"GET in /css/styleProducts.css - 17:50:14"}
{"level":"debug","message":"GET in /js/products.js - 17:50:14"}
{"level":"debug","message":"GET in /js/logoutfunction.js - 17:50:14"}
{"level":"debug","message":"GET in /products - 17:50:14"}
{"level":"debug","message":"GET in /products - 17:51:21"}
{"level":"debug","message":"GET in /css/styleProducts.css - 17:51:21"}
{"level":"debug","message":"GET in /js/products.js - 17:51:21"}
{"level":"debug","message":"GET in /js/logoutfunction.js - 17:51:21"}
{"level":"debug","message":"GET in /products - 17:51:21"}
{"level":"debug","message":"GET in /products - 17:51:44"}
{"level":"debug","message":"GET in /css/styleProducts.css - 17:51:44"}
{"level":"debug","message":"GET in /js/products.js - 17:51:44"}
{"level":"debug","message":"GET in /js/logoutfunction.js - 17:51:44"}
{"level":"debug","message":"GET in /products - 17:51:44"}
{"level":"debug","message":"GET in /product/64399f6b16208f147583f8d1 - 17:51:46"}
{"level":"debug","message":"GET in /css/styleProducts.css - 17:51:46"}
{"level":"debug","message":"GET in /js/product.js - 17:51:46"}
{"level":"debug","message":"GET in /js/logoutfunction.js - 17:51:46"}
{"level":"debug","message":"GET in /product/64399f6b16208f147583f8d1 - 17:51:46"}
{"level":"debug","message":"GET in /products - 17:51:51"}
{"level":"debug","message":"GET in /products - 17:52:09"}
{"level":"debug","message":"GET in /css/styleProducts.css - 17:52:09"}
{"level":"debug","message":"GET in /js/products.js - 17:52:09"}
{"level":"debug","message":"GET in /js/logoutfunction.js - 17:52:09"}
{"level":"debug","message":"GET in /products - 17:52:09"}
{"level":"debug","message":"GET in /css/styleProducts.css - 17:52:12"}
{"level":"debug","message":"GET in /products - 18:13:31"}
{"level":"debug","message":"GET in /css/styleProducts.css - 18:13:32"}
{"level":"debug","message":"GET in /js/products.js - 18:13:32"}
{"level":"debug","message":"GET in /js/logoutfunction.js - 18:13:32"}
{"level":"debug","message":"GET in /products - 18:13:32"}
{"level":"debug","message":"GET in /products - 18:14:02"}
{"level":"debug","message":"GET in /css/styleProducts.css - 18:14:02"}
{"level":"debug","message":"GET in /js/products.js - 18:14:02"}
{"level":"debug","message":"GET in /js/logoutfunction.js - 18:14:02"}
{"level":"debug","message":"GET in /products - 18:14:02"}
{"level":"debug","message":"GET in /products - 18:14:04"}
{"level":"debug","message":"GET in /css/styleProducts.css - 18:14:04"}
{"level":"debug","message":"GET in /js/products.js - 18:14:04"}
{"level":"debug","message":"GET in /js/logoutfunction.js - 18:14:04"}
{"level":"debug","message":"GET in /products - 18:14:04"}
{"level":"debug","message":"GET in /products - 18:14:12"}
{"level":"debug","message":"GET in /css/styleProducts.css - 18:14:12"}
{"level":"debug","message":"GET in /js/products.js - 18:14:12"}
{"level":"debug","message":"GET in /js/logoutfunction.js - 18:14:12"}
{"level":"debug","message":"GET in /products - 18:14:12"}
{"level":"debug","message":"GET in /products - 18:14:28"}
{"level":"debug","message":"GET in /css/styleProducts.css - 18:14:28"}
{"level":"debug","message":"GET in /js/products.js - 18:14:28"}
{"level":"debug","message":"GET in /js/logoutfunction.js - 18:14:28"}
{"level":"debug","message":"GET in /products - 18:14:28"}
{"level":"debug","message":"GET in /products - 18:14:29"}
{"level":"debug","message":"GET in /css/styleProducts.css - 18:14:29"}
{"level":"debug","message":"GET in /js/products.js - 18:14:29"}
{"level":"debug","message":"GET in /js/logoutfunction.js - 18:14:29"}
{"level":"debug","message":"GET in /products - 18:14:29"}
{"level":"debug","message":"GET in /products - 18:14:55"}
{"level":"debug","message":"GET in /css/styleProducts.css - 18:14:55"}
{"level":"debug","message":"GET in /js/products.js - 18:14:55"}
{"level":"debug","message":"GET in /js/logoutfunction.js - 18:14:55"}
{"level":"debug","message":"GET in /products - 18:14:55"}
{"level":"debug","message":"GET in /products - 18:15:09"}
{"level":"debug","message":"GET in /css/styleProducts.css - 18:15:09"}
{"level":"debug","message":"GET in /js/products.js - 18:15:09"}
{"level":"debug","message":"GET in /js/logoutfunction.js - 18:15:09"}
{"level":"debug","message":"GET in /products - 18:15:09"}
{"level":"debug","message":"GET in /products?page=2 - 18:15:11"}
{"level":"debug","message":"GET in /css/styleProducts.css - 18:15:11"}
{"level":"debug","message":"GET in /js/products.js - 18:15:11"}
{"level":"debug","message":"GET in /js/logoutfunction.js - 18:15:11"}
{"level":"debug","message":"GET in /products?page=2 - 18:15:11"}
{"level":"debug","message":"GET in /products?page=2 - 18:16:10"}
{"level":"debug","message":"GET in /css/styleProducts.css - 18:16:10"}
{"level":"debug","message":"GET in /js/products.js - 18:16:10"}
{"level":"debug","message":"GET in /js/logoutfunction.js - 18:16:10"}
{"level":"debug","message":"GET in /products?page=2 - 18:16:10"}
{"level":"debug","message":"GET in /products - 18:16:30"}
{"level":"debug","message":"GET in /css/styleProducts.css - 18:16:30"}
{"level":"debug","message":"GET in /js/products.js - 18:16:30"}
{"level":"debug","message":"GET in /js/logoutfunction.js - 18:16:30"}
{"level":"debug","message":"GET in /products - 18:16:30"}
{"level":"debug","message":"GET in /products - 18:16:31"}
{"level":"debug","message":"GET in /css/styleProducts.css - 18:16:31"}
{"level":"debug","message":"GET in /js/products.js - 18:16:31"}
{"level":"debug","message":"GET in /js/logoutfunction.js - 18:16:31"}
{"level":"debug","message":"GET in /products - 18:16:31"}
{"level":"debug","message":"GET in /product/64399f6b16208f147583f8d1 - 18:16:33"}
{"level":"debug","message":"GET in /css/styleProducts.css - 18:16:33"}
{"level":"debug","message":"GET in /js/product.js - 18:16:33"}
{"level":"debug","message":"GET in /js/logoutfunction.js - 18:16:33"}
{"level":"debug","message":"GET in /product/64399f6b16208f147583f8d1 - 18:16:33"}
{"level":"debug","message":"GET in /product/cart/64a2c82cae1f1451f74575fc - 18:16:37"}
{"level":"debug","message":"GET in /product/64399f6b16208f147583f8d1 - 18:16:41"}
{"level":"debug","message":"GET in /products - 18:16:44"}
{"level":"debug","message":"GET in /css/styleProducts.css - 18:16:44"}
{"level":"debug","message":"GET in /js/products.js - 18:16:44"}
{"level":"debug","message":"GET in /js/logoutfunction.js - 18:16:44"}
{"level":"debug","message":"GET in /products - 18:16:44"}
{"level":"debug","message":"POST in /api/carts/64a2c82cae1f1451f74575fc/product/64399f6b16208f147583f8d1 - 18:16:45"}
{"level":"debug","message":"GET in /cart/64a2c82cae1f1451f74575fc - 18:16:49"}
{"level":"debug","message":"GET in /css/styleProducts.css - 18:16:50"}
{"level":"debug","message":"GET in /js/cart.js - 18:16:50"}
{"level":"debug","message":"GET in /js/logoutfunction.js - 18:16:50"}
{"level":"debug","message":"GET in /api/payments/create-payment-intent - 18:16:50"}
{"level":"debug","message":"GET in /cart/64a2c82cae1f1451f74575fc - 18:16:50"}
{"level":"debug","message":"GET in /cart/64a2c82cae1f1451f74575fc - 18:17:54"}
{"level":"debug","message":"GET in /css/styleProducts.css - 18:17:54"}
{"level":"debug","message":"GET in /js/cart.js - 18:17:54"}
{"level":"debug","message":"GET in /js/logoutfunction.js - 18:17:54"}
{"level":"debug","message":"GET in /api/payments/create-payment-intent - 18:17:54"}
{"level":"debug","message":"GET in /cart/64a2c82cae1f1451f74575fc - 18:17:54"}
{"level":"debug","message":"GET in /cart/64a2c82cae1f1451f74575fc - 18:18:27"}
{"level":"debug","message":"GET in /css/styleProducts.css - 18:18:27"}
{"level":"debug","message":"GET in /js/cart.js - 18:18:27"}
{"level":"debug","message":"GET in /js/logoutfunction.js - 18:18:27"}
{"level":"debug","message":"GET in /api/payments/create-payment-intent - 18:18:27"}
{"level":"debug","message":"GET in /cart/64a2c82cae1f1451f74575fc - 18:18:28"}
{"level":"debug","message":"GET in /cart/64a2c82cae1f1451f74575fc - 18:18:54"}
{"level":"debug","message":"GET in /css/styleProducts.css - 18:18:54"}
{"level":"debug","message":"GET in /js/cart.js - 18:18:54"}
{"level":"debug","message":"GET in /js/logoutfunction.js - 18:18:54"}
{"level":"debug","message":"GET in /api/payments/create-payment-intent - 18:18:54"}
{"level":"debug","message":"GET in /cart/64a2c82cae1f1451f74575fc - 18:18:54"}
{"level":"debug","message":"DELETE in /api/carts/64a2c82cae1f1451f74575fc/product/64399f6b16208f147583f8d1 - 18:18:58"}
{"level":"debug","message":"GET in /cart/64a2c82cae1f1451f74575fc - 18:19:02"}
{"level":"debug","message":"GET in /css/styleProducts.css - 18:19:02"}
{"level":"debug","message":"GET in /js/cart.js - 18:19:02"}
{"level":"debug","message":"GET in /js/logoutfunction.js - 18:19:02"}
{"level":"debug","message":"GET in /api/payments/create-payment-intent - 18:19:02"}
{"level":"debug","message":"GET in /cart/64a2c82cae1f1451f74575fc - 18:19:02"}
{"level":"debug","message":"GET in /admin - 18:19:07"}
{"level":"debug","message":"GET in /css/styleProducts.css - 18:19:07"}
{"level":"debug","message":"GET in /js/admin.js - 18:19:07"}
{"level":"debug","message":"GET in /js/logoutfunction.js - 18:19:07"}
{"level":"debug","message":"GET in /admin - 18:19:07"}
{"level":"debug","message":"GET in /admin - 18:19:36"}
{"level":"debug","message":"GET in /css/styleProducts.css - 18:19:36"}
{"level":"debug","message":"GET in /js/admin.js - 18:19:36"}
{"level":"debug","message":"GET in /js/logoutfunction.js - 18:19:36"}
{"level":"debug","message":"GET in /admin - 18:19:36"}
{"level":"debug","message":"GET in /admin - 18:19:51"}
{"level":"debug","message":"GET in /css/styleProducts.css - 18:19:51"}
{"level":"debug","message":"GET in /js/admin.js - 18:19:51"}
{"level":"debug","message":"GET in /js/logoutfunction.js - 18:19:51"}
{"level":"debug","message":"GET in /admin - 18:19:51"}
{"level":"debug","message":"GET in /admin - 18:20:33"}
{"level":"debug","message":"GET in /css/styleProducts.css - 18:20:33"}
{"level":"debug","message":"GET in /js/admin.js - 18:20:33"}
{"level":"debug","message":"GET in /js/logoutfunction.js - 18:20:33"}
{"level":"debug","message":"GET in /admin - 18:20:33"}
{"level":"debug","message":"GET in /admin - 18:20:54"}
{"level":"debug","message":"GET in /css/styleProducts.css - 18:20:54"}
{"level":"debug","message":"GET in /js/admin.js - 18:20:54"}
{"level":"debug","message":"GET in /js/logoutfunction.js - 18:20:54"}
{"level":"debug","message":"GET in /admin - 18:20:54"}
{"level":"debug","message":"GET in /admin - 18:21:13"}
{"level":"debug","message":"GET in /css/styleProducts.css - 18:21:13"}
{"level":"debug","message":"GET in /js/admin.js - 18:21:13"}
{"level":"debug","message":"GET in /js/logoutfunction.js - 18:21:13"}
{"level":"debug","message":"GET in /admin - 18:21:13"}
{"level":"debug","message":"GET in /admin - 18:21:21"}
{"level":"debug","message":"GET in /css/styleProducts.css - 18:21:21"}
{"level":"debug","message":"GET in /js/admin.js - 18:21:21"}
{"level":"debug","message":"GET in /js/logoutfunction.js - 18:21:21"}
{"level":"debug","message":"GET in /admin - 18:21:21"}
{"level":"debug","message":"GET in /admin - 18:21:31"}
{"level":"debug","message":"GET in /css/styleProducts.css - 18:21:31"}
{"level":"debug","message":"GET in /js/admin.js - 18:21:31"}
{"level":"debug","message":"GET in /js/logoutfunction.js - 18:21:31"}
{"level":"debug","message":"GET in /admin - 18:21:31"}
{"level":"debug","message":"GET in /admin - 18:21:33"}
{"level":"debug","message":"GET in /css/styleProducts.css - 18:21:33"}
{"level":"debug","message":"GET in /js/admin.js - 18:21:33"}
{"level":"debug","message":"GET in /js/logoutfunction.js - 18:21:33"}
{"level":"debug","message":"GET in /admin - 18:21:33"}
{"level":"debug","message":"GET in /admin - 18:21:55"}
{"level":"debug","message":"GET in /css/styleProducts.css - 18:21:55"}
{"level":"debug","message":"GET in /js/admin.js - 18:21:55"}
{"level":"debug","message":"GET in /js/logoutfunction.js - 18:21:55"}
{"level":"debug","message":"GET in /admin - 18:21:55"}
{"level":"debug","message":"GET in /admin - 18:22:04"}
{"level":"debug","message":"GET in /css/styleProducts.css - 18:22:04"}
{"level":"debug","message":"GET in /js/admin.js - 18:22:04"}
{"level":"debug","message":"GET in /js/logoutfunction.js - 18:22:04"}
{"level":"debug","message":"GET in /admin - 18:22:04"}
{"level":"debug","message":"GET in /admin - 18:22:16"}
{"level":"debug","message":"GET in /css/styleProducts.css - 18:22:17"}
{"level":"debug","message":"GET in /js/admin.js - 18:22:17"}
{"level":"debug","message":"GET in /js/logoutfunction.js - 18:22:17"}
{"level":"debug","message":"GET in /admin - 18:22:17"}
{"level":"debug","message":"GET in /admin - 18:22:24"}
{"level":"debug","message":"GET in /css/styleProducts.css - 18:22:24"}
{"level":"debug","message":"GET in /js/admin.js - 18:22:24"}
{"level":"debug","message":"GET in /js/logoutfunction.js - 18:22:24"}
{"level":"debug","message":"GET in /admin - 18:22:24"}
{"level":"debug","message":"GET in /admin - 18:22:39"}
{"level":"debug","message":"GET in /css/styleProducts.css - 18:22:39"}
{"level":"debug","message":"GET in /js/admin.js - 18:22:39"}
{"level":"debug","message":"GET in /js/logoutfunction.js - 18:22:39"}
{"level":"debug","message":"GET in /admin - 18:22:39"}
{"level":"debug","message":"GET in /admin - 18:22:49"}
{"level":"debug","message":"GET in /css/styleProducts.css - 18:22:49"}
{"level":"debug","message":"GET in /js/admin.js - 18:22:49"}
{"level":"debug","message":"GET in /js/logoutfunction.js - 18:22:49"}
{"level":"debug","message":"GET in /admin - 18:22:49"}
{"level":"debug","message":"GET in /admin - 18:23:04"}
{"level":"debug","message":"GET in /css/styleProducts.css - 18:23:04"}
{"level":"debug","message":"GET in /js/admin.js - 18:23:04"}
{"level":"debug","message":"GET in /js/logoutfunction.js - 18:23:04"}
{"level":"debug","message":"GET in /admin - 18:23:04"}
{"level":"debug","message":"PUT in /api/users/premium/64dd56deb3e9e5398f714234 - 18:23:12"}
{"level":"debug","message":"GET in /admin - 18:23:15"}
{"level":"debug","message":"GET in /css/styleProducts.css - 18:23:15"}
{"level":"debug","message":"GET in /js/admin.js - 18:23:15"}
{"level":"debug","message":"GET in /js/logoutfunction.js - 18:23:15"}
{"level":"debug","message":"GET in /admin - 18:23:15"}
{"level":"debug","message":"GET in /admin - 18:23:17"}
{"level":"debug","message":"GET in /css/styleProducts.css - 18:23:17"}
{"level":"debug","message":"GET in /js/admin.js - 18:23:17"}
{"level":"debug","message":"GET in /js/logoutfunction.js - 18:23:17"}
{"level":"debug","message":"GET in /admin - 18:23:17"}
{"level":"debug","message":"PUT in /api/users/premium/64dd56deb3e9e5398f714234 - 18:23:19"}
{"level":"debug","message":"GET in /admin - 18:23:22"}
{"level":"debug","message":"GET in /css/styleProducts.css - 18:23:22"}
{"level":"debug","message":"GET in /js/admin.js - 18:23:22"}
{"level":"debug","message":"GET in /js/logoutfunction.js - 18:23:22"}
{"level":"debug","message":"GET in /admin - 18:23:22"}
{"level":"debug","message":"PUT in /api/users/premium/64dd56deb3e9e5398f714234 - 18:24:00"}
{"level":"debug","message":"GET in /admin - 18:24:01"}
{"level":"debug","message":"PUT in /api/users/premium/64dd56deb3e9e5398f714234 - 18:24:03"}
{"level":"debug","message":"GET in /css/styleProducts.css - 18:24:08"}
{"level":"debug","message":"GET in /js/admin.js - 18:24:08"}
{"level":"debug","message":"GET in /js/logoutfunction.js - 18:24:08"}
{"level":"debug","message":"GET in /admin - 18:24:08"}
{"level":"debug","message":"GET in /admin - 18:24:38"}
{"level":"debug","message":"GET in /css/styleProducts.css - 18:24:40"}
{"level":"debug","message":"GET in /js/admin.js - 18:24:40"}
{"level":"debug","message":"GET in /js/logoutfunction.js - 18:24:40"}
{"level":"debug","message":"GET in /admin - 18:24:40"}
{"level":"debug","message":"PUT in /api/users/premium/64dd56deb3e9e5398f714234 - 18:24:41"}
{"level":"debug","message":"GET in /admin - 18:24:43"}
{"level":"debug","message":"GET in /css/styleProducts.css - 18:24:43"}
{"level":"debug","message":"GET in /js/admin.js - 18:24:43"}
{"level":"debug","message":"GET in /js/logoutfunction.js - 18:24:43"}
{"level":"debug","message":"GET in /admin - 18:24:43"}
{"level":"debug","message":"GET in /admin - 18:24:44"}
{"level":"debug","message":"GET in /css/styleProducts.css - 18:24:45"}
{"level":"debug","message":"GET in /js/admin.js - 18:24:45"}
{"level":"debug","message":"GET in /js/logoutfunction.js - 18:24:45"}
{"level":"debug","message":"GET in /admin - 18:24:45"}
{"level":"debug","message":"PUT in /api/users/premium/64dd56deb3e9e5398f714234 - 18:24:46"}
{"level":"debug","message":"GET in /admin - 18:24:47"}
{"level":"debug","message":"GET in /css/styleProducts.css - 18:24:47"}
{"level":"debug","message":"GET in /js/admin.js - 18:24:47"}
{"level":"debug","message":"GET in /js/logoutfunction.js - 18:24:47"}
{"level":"debug","message":"GET in /admin - 18:24:47"}
{"level":"debug","message":"PUT in /api/users/premium/64dfe2408f23a3241457d114 - 18:25:00"}
{"level":"debug","message":"GET in /admin - 18:25:01"}
{"level":"debug","message":"GET in /css/styleProducts.css - 18:25:01"}
{"level":"debug","message":"GET in /js/admin.js - 18:25:01"}
{"level":"debug","message":"GET in /js/logoutfunction.js - 18:25:01"}
{"level":"debug","message":"GET in /admin - 18:25:01"}
{"level":"debug","message":"PUT in /api/users/premium/64dd56deb3e9e5398f714234 - 18:25:11"}
{"level":"debug","message":"GET in /admin - 18:25:14"}
{"level":"debug","message":"GET in /css/styleProducts.css - 18:25:14"}
{"level":"debug","message":"GET in /js/admin.js - 18:25:14"}
{"level":"debug","message":"GET in /js/logoutfunction.js - 18:25:14"}
{"level":"debug","message":"GET in /admin - 18:25:14"}
{"level":"debug","message":"PUT in /api/users/premium/64dd56deb3e9e5398f714234 - 18:25:24"}
{"level":"debug","message":"GET in /admin - 18:25:28"}
{"level":"debug","message":"GET in /css/styleProducts.css - 18:25:28"}
{"level":"debug","message":"GET in /js/admin.js - 18:25:28"}
{"level":"debug","message":"GET in /js/logoutfunction.js - 18:25:29"}
{"level":"debug","message":"GET in /admin - 18:25:29"}
{"level":"debug","message":"GET in /admin - 18:25:52"}
{"level":"debug","message":"GET in /css/styleProducts.css - 18:25:54"}
{"level":"debug","message":"GET in /js/admin.js - 18:25:54"}
{"level":"debug","message":"GET in /js/logoutfunction.js - 18:25:54"}
{"level":"debug","message":"GET in /admin - 18:25:54"}
{"level":"debug","message":"PUT in /api/users/premium/64dd56deb3e9e5398f714234 - 18:25:55"}
{"level":"debug","message":"GET in /admin - 18:25:56"}
{"level":"debug","message":"GET in /css/styleProducts.css - 18:25:56"}
{"level":"debug","message":"GET in /js/admin.js - 18:25:56"}
{"level":"debug","message":"GET in /js/logoutfunction.js - 18:25:56"}
{"level":"debug","message":"GET in /admin - 18:25:56"}
{"level":"debug","message":"PUT in /api/users/premium/64dd56deb3e9e5398f714234 - 18:26:11"}
{"level":"debug","message":"GET in /admin - 18:26:15"}
{"level":"debug","message":"GET in /css/styleProducts.css - 18:26:15"}
{"level":"debug","message":"GET in /js/admin.js - 18:26:15"}
{"level":"debug","message":"GET in /js/logoutfunction.js - 18:26:15"}
{"level":"debug","message":"GET in /admin - 18:26:15"}
{"level":"debug","message":"PUT in /api/users/premium/64dd56deb3e9e5398f714234 - 18:26:22"}
{"level":"debug","message":"GET in /admin - 18:26:26"}
{"level":"debug","message":"GET in /css/styleProducts.css - 18:26:26"}
{"level":"debug","message":"GET in /js/admin.js - 18:26:26"}
{"level":"debug","message":"GET in /js/logoutfunction.js - 18:26:26"}
{"level":"debug","message":"GET in /admin - 18:26:26"}
{"level":"debug","message":"PUT in /api/users/premium/64dd56deb3e9e5398f714234 - 18:26:45"}
{"level":"debug","message":"GET in /admin - 18:26:49"}
{"level":"debug","message":"GET in /css/styleProducts.css - 18:26:49"}
{"level":"debug","message":"GET in /js/admin.js - 18:26:49"}
{"level":"debug","message":"GET in /js/logoutfunction.js - 18:26:49"}
{"level":"debug","message":"GET in /admin - 18:26:49"}
{"level":"debug","message":"GET in /admin - 18:26:52"}
{"level":"debug","message":"GET in /css/styleProducts.css - 18:26:52"}
{"level":"debug","message":"GET in /js/admin.js - 18:26:52"}
{"level":"debug","message":"GET in /js/logoutfunction.js - 18:26:52"}
{"level":"debug","message":"GET in /admin - 18:26:52"}
{"level":"debug","message":"PUT in /api/users/premium/64dd56deb3e9e5398f714234 - 18:26:53"}
{"level":"debug","message":"GET in /admin - 18:26:55"}
{"level":"debug","message":"GET in /css/styleProducts.css - 18:26:55"}
{"level":"debug","message":"GET in /js/admin.js - 18:26:55"}
{"level":"debug","message":"GET in /js/logoutfunction.js - 18:26:55"}
{"level":"debug","message":"GET in /admin - 18:26:55"}
{"level":"debug","message":"GET in /admin - 18:27:15"}
{"level":"debug","message":"GET in /admin - 18:27:15"}
{"level":"debug","message":"GET in /admin - 18:27:22"}
{"level":"debug","message":"GET in /admin - 18:27:31"}
{"level":"debug","message":"GET in /css/styleProducts.css - 18:27:33"}
{"level":"debug","message":"GET in /js/admin.js - 18:27:33"}
{"level":"debug","message":"GET in /js/logoutfunction.js - 18:27:33"}
{"level":"debug","message":"GET in /admin - 18:27:33"}
{"level":"debug","message":"PUT in /api/users/premium/64dd56deb3e9e5398f714234 - 18:27:34"}
{"level":"debug","message":"GET in /admin - 18:27:36"}
{"level":"debug","message":"GET in /css/styleProducts.css - 18:27:36"}
{"level":"debug","message":"GET in /js/admin.js - 18:27:36"}
{"level":"debug","message":"GET in /js/logoutfunction.js - 18:27:36"}
{"level":"debug","message":"GET in /admin - 18:27:36"}
{"level":"debug","message":"GET in /products - 18:39:08"}
{"level":"debug","message":"GET in /css/styleProducts.css - 18:39:08"}
{"level":"debug","message":"GET in /js/products.js - 18:39:08"}
{"level":"debug","message":"GET in /js/logoutfunction.js - 18:39:08"}
{"level":"debug","message":"GET in /products - 18:39:08"}
{"level":"debug","message":"GET in /products - 18:39:29"}
{"level":"debug","message":"GET in /css/styleProducts.css - 18:39:29"}
{"level":"debug","message":"GET in /js/products.js - 18:39:29"}
{"level":"debug","message":"GET in /js/logoutfunction.js - 18:39:29"}
{"level":"debug","message":"GET in /products - 18:39:29"}
{"level":"debug","message":"GET in /products - 18:39:41"}
{"level":"debug","message":"GET in /css/styleProducts.css - 18:39:41"}
{"level":"debug","message":"GET in /js/products.js - 18:39:41"}
{"level":"debug","message":"GET in /js/logoutfunction.js - 18:39:41"}
{"level":"debug","message":"GET in /products - 18:39:41"}
{"level":"debug","message":"GET in /products - 18:41:54"}
{"level":"debug","message":"GET in /css/styleProducts.css - 18:41:54"}
{"level":"debug","message":"GET in /js/products.js - 18:41:54"}
{"level":"debug","message":"GET in /js/logoutfunction.js - 18:41:54"}
{"level":"debug","message":"GET in /products - 18:41:54"}
{"level":"debug","message":"GET in /chat - 18:41:56"}
{"level":"debug","message":"GET in /css/styleProducts.css - 18:41:57"}
{"level":"debug","message":"GET in /socket.io/socket.io.js - 18:41:57"}
{"level":"debug","message":"GET in /js/chat.js - 18:41:57"}
{"level":"debug","message":"GET in /js/logoutfunction.js - 18:41:57"}
{"level":"debug","message":"GET in /chat - 18:41:57"}
{"level":"debug","message":"GET in /profile/ - 18:42:06"}
{"level":"debug","message":"GET in /css/styleProducts.css - 18:42:07"}
{"level":"debug","message":"GET in /js/profile.js - 18:42:07"}
{"level":"debug","message":"GET in /js/logoutfunction.js - 18:42:07"}
{"level":"debug","message":"GET in /profile/ - 18:42:07"}
{"level":"debug","message":"GET in /profile/ - 18:42:54"}
{"level":"debug","message":"GET in /css/styleProducts.css - 18:42:54"}
{"level":"debug","message":"GET in /js/profile.js - 18:42:54"}
{"level":"debug","message":"GET in /js/logoutfunction.js - 18:42:54"}
{"level":"debug","message":"GET in /profile/ - 18:42:54"}
{"level":"debug","message":"GET in /profile/ - 18:42:55"}
{"level":"debug","message":"GET in /css/styleProducts.css - 18:42:55"}
{"level":"debug","message":"GET in /js/profile.js - 18:42:55"}
{"level":"debug","message":"GET in /js/logoutfunction.js - 18:42:55"}
{"level":"debug","message":"GET in /profile/ - 18:42:55"}
{"level":"debug","message":"GET in /profile/ - 18:43:12"}
{"level":"debug","message":"GET in /css/styleProducts.css - 18:43:12"}
{"level":"debug","message":"GET in /js/profile.js - 18:43:12"}
{"level":"debug","message":"GET in /js/logoutfunction.js - 18:43:12"}
{"level":"debug","message":"GET in /profile/ - 18:43:12"}
{"level":"debug","message":"GET in /profile/ - 18:44:17"}
{"level":"debug","message":"GET in /css/styleProducts.css - 18:44:17"}
{"level":"debug","message":"GET in /js/profile.js - 18:44:17"}
{"level":"debug","message":"GET in /js/logoutfunction.js - 18:44:17"}
{"level":"debug","message":"GET in /profile/ - 18:44:17"}
{"level":"debug","message":"GET in /profile/ - 18:44:34"}
{"level":"debug","message":"GET in /css/styleProducts.css - 18:44:34"}
{"level":"debug","message":"GET in /js/profile.js - 18:44:34"}
{"level":"debug","message":"GET in /js/logoutfunction.js - 18:44:34"}
{"level":"debug","message":"GET in /profile/ - 18:44:34"}
{"level":"debug","message":"GET in /profile/ - 18:44:35"}
{"level":"debug","message":"GET in /css/styleProducts.css - 18:44:35"}
{"level":"debug","message":"GET in /js/profile.js - 18:44:35"}
{"level":"debug","message":"GET in /js/logoutfunction.js - 18:44:35"}
{"level":"debug","message":"GET in /profile/ - 18:44:35"}
{"level":"debug","message":"GET in /profile/ - 18:44:41"}
{"level":"debug","message":"GET in /css/styleProducts.css - 18:44:41"}
{"level":"debug","message":"GET in /js/profile.js - 18:44:41"}
{"level":"debug","message":"GET in /js/logoutfunction.js - 18:44:41"}
{"level":"debug","message":"GET in /profile/ - 18:44:41"}
{"level":"debug","message":"GET in /admin - 18:44:42"}
{"level":"debug","message":"GET in /css/styleProducts.css - 18:44:42"}
{"level":"debug","message":"GET in /js/admin.js - 18:44:42"}
{"level":"debug","message":"GET in /js/logoutfunction.js - 18:44:42"}
{"level":"debug","message":"GET in /admin - 18:44:42"}
{"level":"debug","message":"GET in /admin - 18:45:10"}
{"level":"debug","message":"GET in /css/styleProducts.css - 18:45:10"}
{"level":"debug","message":"GET in /js/admin.js - 18:45:10"}
{"level":"debug","message":"GET in /js/logoutfunction.js - 18:45:10"}
{"level":"debug","message":"GET in /admin - 18:45:10"}
{"level":"debug","message":"GET in /admin - 18:46:03"}
{"level":"debug","message":"GET in /favicon.ico - 18:46:03"}
{"level":"debug","message":"GET in /admin - 18:46:04"}
{"level":"debug","message":"GET in /profile/ - 18:46:06"}
{"level":"debug","message":"GET in /products - 18:46:07"}
{"level":"debug","message":"GET in / - 18:46:08"}
{"level":"debug","message":"GET in /css/styleProducts.css - 18:46:08"}
{"level":"debug","message":"GET in /js/login.js - 18:46:08"}
{"level":"debug","message":"GET in / - 18:46:09"}
{"level":"debug","message":"POST in /api/sessions/login - 18:46:10"}
{"level":"debug","message":"GET in /products - 18:46:11"}
{"level":"debug","message":"GET in /css/styleProducts.css - 18:46:12"}
{"level":"debug","message":"GET in /js/products.js - 18:46:12"}
{"level":"debug","message":"GET in /js/logoutfunction.js - 18:46:12"}
{"level":"debug","message":"GET in /products - 18:46:12"}
{"level":"debug","message":"GET in /profile/ - 18:46:13"}
{"level":"debug","message":"GET in /css/styleProducts.css - 18:46:13"}
{"level":"debug","message":"GET in /js/profile.js - 18:46:13"}
{"level":"debug","message":"GET in /js/logoutfunction.js - 18:46:13"}
{"level":"debug","message":"GET in /profile/ - 18:46:13"}
{"level":"debug","message":"GET in /admin - 18:46:14"}
{"level":"debug","message":"GET in /css/styleProducts.css - 18:46:14"}
{"level":"debug","message":"GET in /js/admin.js - 18:46:14"}
{"level":"debug","message":"GET in /js/logoutfunction.js - 18:46:14"}
{"level":"debug","message":"GET in /admin - 18:46:14"}
{"level":"debug","message":"GET in /cart/64a2c82cae1f1451f74575fc - 18:46:18"}
{"level":"debug","message":"GET in /css/styleProducts.css - 18:46:18"}
{"level":"debug","message":"GET in /js/cart.js - 18:46:18"}
{"level":"debug","message":"GET in /js/logoutfunction.js - 18:46:18"}
{"level":"debug","message":"GET in /api/payments/create-payment-intent - 18:46:18"}
{"level":"debug","message":"GET in /cart/64a2c82cae1f1451f74575fc - 18:46:19"}
{"level":"debug","message":"GET in /chat - 18:46:23"}
{"level":"debug","message":"GET in /css/styleProducts.css - 18:46:23"}
{"level":"debug","message":"GET in /socket.io/socket.io.js - 18:46:23"}
{"level":"debug","message":"GET in /js/chat.js - 18:46:23"}
{"level":"debug","message":"GET in /js/logoutfunction.js - 18:46:23"}
{"level":"debug","message":"GET in /chat - 18:46:23"}
